{"C:\\Users\\User\\Desktop\\Chainhive\\api\\config.js": {"path":"C:\\Users\\User\\Desktop\\Chainhive\\api\\config.js","statementMap":{"0":{"start":{"line":1,"column":15},"end":{"line":1,"column":32}},"1":{"start":{"line":2,"column":0},"end":{"line":2,"column":16}},"2":{"start":{"line":4,"column":0},"end":{"line":15,"column":1}},"3":{"start":{"line":5,"column":2},"end":{"line":7,"column":3}},"4":{"start":{"line":6,"column":4},"end":{"line":6,"column":65}},"5":{"start":{"line":9,"column":2},"end":{"line":14,"column":5}}},"fnMap":{"0":{"name":"handler","decl":{"start":{"line":4,"column":26},"end":{"line":4,"column":33}},"loc":{"start":{"line":4,"column":44},"end":{"line":15,"column":1}},"line":4}},"branchMap":{"0":{"loc":{"start":{"line":5,"column":2},"end":{"line":7,"column":3}},"type":"if","locations":[{"start":{"line":5,"column":2},"end":{"line":7,"column":3}},{"start":{},"end":{}}],"line":5},"1":{"loc":{"start":{"line":11,"column":16},"end":{"line":11,"column":139}},"type":"binary-expr","locations":[{"start":{"line":11,"column":16},"end":{"line":11,"column":46}},{"start":{"line":11,"column":50},"end":{"line":11,"column":139}}],"line":11},"2":{"loc":{"start":{"line":12,"column":15},"end":{"line":12,"column":65}},"type":"binary-expr","locations":[{"start":{"line":12,"column":15},"end":{"line":12,"column":43}},{"start":{"line":12,"column":47},"end":{"line":12,"column":65}}],"line":12}},"s":{"0":0,"1":0,"2":0,"3":0,"4":0,"5":0},"f":{"0":0},"b":{"0":[0,0],"1":[0,0],"2":[0,0]}}
,"C:\\Users\\User\\Desktop\\Chainhive\\api\\health.js": {"path":"C:\\Users\\User\\Desktop\\Chainhive\\api\\health.js","statementMap":{"0":{"start":{"line":1,"column":0},"end":{"line":15,"column":1}},"1":{"start":{"line":2,"column":2},"end":{"line":4,"column":3}},"2":{"start":{"line":3,"column":4},"end":{"line":3,"column":65}},"3":{"start":{"line":6,"column":2},"end":{"line":14,"column":5}}},"fnMap":{"0":{"name":"handler","decl":{"start":{"line":1,"column":26},"end":{"line":1,"column":33}},"loc":{"start":{"line":1,"column":44},"end":{"line":15,"column":1}},"line":1}},"branchMap":{"0":{"loc":{"start":{"line":2,"column":2},"end":{"line":4,"column":3}},"type":"if","locations":[{"start":{"line":2,"column":2},"end":{"line":4,"column":3}},{"start":{},"end":{}}],"line":2}},"s":{"0":0,"1":0,"2":0,"3":0},"f":{"0":0},"b":{"0":[0,0]}}
,"C:\\Users\\User\\Desktop\\Chainhive\\api\\insights.js": {"path":"C:\\Users\\User\\Desktop\\Chainhive\\api\\insights.js","statementMap":{"0":{"start":{"line":3,"column":0},"end":{"line":44,"column":1}},"1":{"start":{"line":4,"column":4},"end":{"line":6,"column":5}},"2":{"start":{"line":5,"column":8},"end":{"line":5,"column":69}},"3":{"start":{"line":8,"column":47},"end":{"line":8,"column":55}},"4":{"start":{"line":10,"column":4},"end":{"line":12,"column":5}},"5":{"start":{"line":11,"column":8},"end":{"line":11,"column":90}},"6":{"start":{"line":14,"column":4},"end":{"line":43,"column":5}},"7":{"start":{"line":16,"column":33},"end":{"line":16,"column":63}},"8":{"start":{"line":19,"column":29},"end":{"line":19,"column":72}},"9":{"start":{"line":22,"column":25},"end":{"line":22,"column":92}},"10":{"start":{"line":24,"column":8},"end":{"line":29,"column":11}},"11":{"start":{"line":31,"column":8},"end":{"line":31,"column":59}},"12":{"start":{"line":34,"column":33},"end":{"line":34,"column":72}},"13":{"start":{"line":36,"column":8},"end":{"line":42,"column":11}},"14":{"start":{"line":47,"column":23},"end":{"line":48,"column":65}},"15":{"start":{"line":48,"column":32},"end":{"line":48,"column":61}},"16":{"start":{"line":50,"column":19},"end":{"line":52,"column":5}},"17":{"start":{"line":51,"column":8},"end":{"line":51,"column":43}},"18":{"start":{"line":54,"column":22},"end":{"line":54,"column":80}},"19":{"start":{"line":54,"column":46},"end":{"line":54,"column":79}},"20":{"start":{"line":55,"column":20},"end":{"line":55,"column":76}},"21":{"start":{"line":55,"column":44},"end":{"line":55,"column":75}},"22":{"start":{"line":57,"column":19},"end":{"line":57,"column":52}},"23":{"start":{"line":58,"column":4},"end":{"line":58,"column":78}},"24":{"start":{"line":59,"column":4},"end":{"line":59,"column":78}},"25":{"start":{"line":60,"column":4},"end":{"line":60,"column":57}},"26":{"start":{"line":61,"column":4},"end":{"line":61,"column":56}},"27":{"start":{"line":63,"column":4},"end":{"line":68,"column":5}},"28":{"start":{"line":64,"column":25},"end":{"line":66,"column":9}},"29":{"start":{"line":65,"column":12},"end":{"line":65,"column":55}},"30":{"start":{"line":67,"column":8},"end":{"line":67,"column":104}},"31":{"start":{"line":71,"column":33},"end":{"line":71,"column":73}},"32":{"start":{"line":72,"column":4},"end":{"line":72,"column":84}},"33":{"start":{"line":74,"column":4},"end":{"line":78,"column":5}},"34":{"start":{"line":75,"column":8},"end":{"line":75,"column":83}},"35":{"start":{"line":76,"column":11},"end":{"line":78,"column":5}},"36":{"start":{"line":77,"column":8},"end":{"line":77,"column":53}},"37":{"start":{"line":80,"column":4},"end":{"line":88,"column":6}},"38":{"start":{"line":92,"column":4},"end":{"line":92,"column":49}},"39":{"start":{"line":92,"column":40},"end":{"line":92,"column":49}},"40":{"start":{"line":94,"column":23},"end":{"line":94,"column":77}},"41":{"start":{"line":94,"column":53},"end":{"line":94,"column":73}},"42":{"start":{"line":95,"column":4},"end":{"line":95,"column":35}},"43":{"start":{"line":95,"column":26},"end":{"line":95,"column":35}},"44":{"start":{"line":98,"column":16},"end":{"line":101,"column":9}},"45":{"start":{"line":99,"column":22},"end":{"line":99,"column":49}},"46":{"start":{"line":100,"column":8},"end":{"line":100,"column":37}},"47":{"start":{"line":104,"column":4},"end":{"line":104,"column":40}}},"fnMap":{"0":{"name":"handler","decl":{"start":{"line":3,"column":32},"end":{"line":3,"column":39}},"loc":{"start":{"line":3,"column":50},"end":{"line":44,"column":1}},"line":3},"1":{"name":"generateFallbackInsights","decl":{"start":{"line":46,"column":9},"end":{"line":46,"column":33}},"loc":{"start":{"line":46,"column":49},"end":{"line":89,"column":1}},"line":46},"2":{"name":"(anonymous_2)","decl":{"start":{"line":48,"column":16},"end":{"line":48,"column":17}},"loc":{"start":{"line":48,"column":32},"end":{"line":48,"column":61}},"line":48},"3":{"name":"(anonymous_3)","decl":{"start":{"line":50,"column":53},"end":{"line":50,"column":54}},"loc":{"start":{"line":51,"column":8},"end":{"line":51,"column":43}},"line":51},"4":{"name":"(anonymous_4)","decl":{"start":{"line":54,"column":37},"end":{"line":54,"column":38}},"loc":{"start":{"line":54,"column":46},"end":{"line":54,"column":79}},"line":54},"5":{"name":"(anonymous_5)","decl":{"start":{"line":55,"column":35},"end":{"line":55,"column":36}},"loc":{"start":{"line":55,"column":44},"end":{"line":55,"column":75}},"line":55},"6":{"name":"(anonymous_6)","decl":{"start":{"line":64,"column":42},"end":{"line":64,"column":43}},"loc":{"start":{"line":65,"column":12},"end":{"line":65,"column":55}},"line":65},"7":{"name":"calculateDiversificationScore","decl":{"start":{"line":91,"column":9},"end":{"line":91,"column":38}},"loc":{"start":{"line":91,"column":47},"end":{"line":105,"column":1}},"line":91},"8":{"name":"(anonymous_8)","decl":{"start":{"line":94,"column":37},"end":{"line":94,"column":38}},"loc":{"start":{"line":94,"column":53},"end":{"line":94,"column":73}},"line":94},"9":{"name":"(anonymous_9)","decl":{"start":{"line":98,"column":30},"end":{"line":98,"column":31}},"loc":{"start":{"line":98,"column":46},"end":{"line":101,"column":5}},"line":98}},"branchMap":{"0":{"loc":{"start":{"line":4,"column":4},"end":{"line":6,"column":5}},"type":"if","locations":[{"start":{"line":4,"column":4},"end":{"line":6,"column":5}},{"start":{},"end":{}}],"line":4},"1":{"loc":{"start":{"line":10,"column":4},"end":{"line":12,"column":5}},"type":"if","locations":[{"start":{"line":10,"column":4},"end":{"line":12,"column":5}},{"start":{},"end":{}}],"line":10},"2":{"loc":{"start":{"line":10,"column":8},"end":{"line":10,"column":34}},"type":"binary-expr","locations":[{"start":{"line":10,"column":8},"end":{"line":10,"column":22}},{"start":{"line":10,"column":26},"end":{"line":10,"column":34}}],"line":10},"3":{"loc":{"start":{"line":48,"column":39},"end":{"line":48,"column":60}},"type":"binary-expr","locations":[{"start":{"line":48,"column":39},"end":{"line":48,"column":55}},{"start":{"line":48,"column":59},"end":{"line":48,"column":60}}],"line":48},"4":{"loc":{"start":{"line":54,"column":46},"end":{"line":54,"column":79}},"type":"binary-expr","locations":[{"start":{"line":54,"column":46},"end":{"line":54,"column":73}},{"start":{"line":54,"column":77},"end":{"line":54,"column":79}}],"line":54},"5":{"loc":{"start":{"line":55,"column":44},"end":{"line":55,"column":75}},"type":"binary-expr","locations":[{"start":{"line":55,"column":44},"end":{"line":55,"column":69}},{"start":{"line":55,"column":73},"end":{"line":55,"column":75}}],"line":55},"6":{"loc":{"start":{"line":63,"column":4},"end":{"line":68,"column":5}},"type":"if","locations":[{"start":{"line":63,"column":4},"end":{"line":68,"column":5}},{"start":{},"end":{}}],"line":63},"7":{"loc":{"start":{"line":65,"column":12},"end":{"line":65,"column":55}},"type":"cond-expr","locations":[{"start":{"line":65,"column":44},"end":{"line":65,"column":49}},{"start":{"line":65,"column":52},"end":{"line":65,"column":55}}],"line":65},"8":{"loc":{"start":{"line":74,"column":4},"end":{"line":78,"column":5}},"type":"if","locations":[{"start":{"line":74,"column":4},"end":{"line":78,"column":5}},{"start":{"line":76,"column":11},"end":{"line":78,"column":5}}],"line":74},"9":{"loc":{"start":{"line":76,"column":11},"end":{"line":78,"column":5}},"type":"if","locations":[{"start":{"line":76,"column":11},"end":{"line":78,"column":5}},{"start":{},"end":{}}],"line":76},"10":{"loc":{"start":{"line":92,"column":4},"end":{"line":92,"column":49}},"type":"if","locations":[{"start":{"line":92,"column":4},"end":{"line":92,"column":49}},{"start":{},"end":{}}],"line":92},"11":{"loc":{"start":{"line":92,"column":8},"end":{"line":92,"column":38}},"type":"binary-expr","locations":[{"start":{"line":92,"column":8},"end":{"line":92,"column":15}},{"start":{"line":92,"column":19},"end":{"line":92,"column":38}}],"line":92},"12":{"loc":{"start":{"line":95,"column":4},"end":{"line":95,"column":35}},"type":"if","locations":[{"start":{"line":95,"column":4},"end":{"line":95,"column":35}},{"start":{},"end":{}}],"line":95}},"s":{"0":0,"1":0,"2":0,"3":0,"4":0,"5":0,"6":0,"7":0,"8":0,"9":0,"10":0,"11":0,"12":0,"13":0,"14":0,"15":0,"16":0,"17":0,"18":0,"19":0,"20":0,"21":0,"22":0,"23":0,"24":0,"25":0,"26":0,"27":0,"28":0,"29":0,"30":0,"31":0,"32":0,"33":0,"34":0,"35":0,"36":0,"37":0,"38":0,"39":0,"40":0,"41":0,"42":0,"43":0,"44":0,"45":0,"46":0,"47":0},"f":{"0":0,"1":0,"2":0,"3":0,"4":0,"5":0,"6":0,"7":0,"8":0,"9":0},"b":{"0":[0,0],"1":[0,0],"2":[0,0],"3":[0,0],"4":[0,0],"5":[0,0],"6":[0,0],"7":[0,0],"8":[0,0],"9":[0,0],"10":[0,0],"11":[0,0],"12":[0,0]}}
,"C:\\Users\\User\\Desktop\\Chainhive\\api\\market-conditions.js": {"path":"C:\\Users\\User\\Desktop\\Chainhive\\api\\market-conditions.js","statementMap":{"0":{"start":{"line":3,"column":25},"end":{"line":3,"column":55}},"1":{"start":{"line":5,"column":0},"end":{"line":33,"column":1}},"2":{"start":{"line":6,"column":4},"end":{"line":8,"column":5}},"3":{"start":{"line":7,"column":8},"end":{"line":7,"column":69}},"4":{"start":{"line":10,"column":4},"end":{"line":32,"column":5}},"5":{"start":{"line":13,"column":29},"end":{"line":13,"column":72}},"6":{"start":{"line":16,"column":27},"end":{"line":16,"column":67}},"7":{"start":{"line":18,"column":8},"end":{"line":22,"column":11}},"8":{"start":{"line":24,"column":8},"end":{"line":24,"column":66}},"9":{"start":{"line":26,"column":8},"end":{"line":31,"column":11}}},"fnMap":{"0":{"name":"handler","decl":{"start":{"line":5,"column":32},"end":{"line":5,"column":39}},"loc":{"start":{"line":5,"column":50},"end":{"line":33,"column":1}},"line":5}},"branchMap":{"0":{"loc":{"start":{"line":6,"column":4},"end":{"line":8,"column":5}},"type":"if","locations":[{"start":{"line":6,"column":4},"end":{"line":8,"column":5}},{"start":{},"end":{}}],"line":6}},"s":{"0":0,"1":0,"2":0,"3":0,"4":0,"5":0,"6":0,"7":0,"8":0,"9":0},"f":{"0":0},"b":{"0":[0,0]}}
,"C:\\Users\\User\\Desktop\\Chainhive\\api\\balance\\[chain]\\[address].js": {"path":"C:\\Users\\User\\Desktop\\Chainhive\\api\\balance\\[chain]\\[address].js","statementMap":{"0":{"start":{"line":1,"column":25},"end":{"line":1,"column":61}},"1":{"start":{"line":2,"column":15},"end":{"line":2,"column":32}},"2":{"start":{"line":3,"column":0},"end":{"line":3,"column":16}},"3":{"start":{"line":5,"column":22},"end":{"line":5,"column":47}},"4":{"start":{"line":7,"column":0},"end":{"line":9,"column":1}},"5":{"start":{"line":8,"column":2},"end":{"line":8,"column":68}},"6":{"start":{"line":10,"column":21},"end":{"line":10,"column":52}},"7":{"start":{"line":12,"column":0},"end":{"line":40,"column":1}},"8":{"start":{"line":13,"column":2},"end":{"line":15,"column":3}},"9":{"start":{"line":14,"column":4},"end":{"line":14,"column":65}},"10":{"start":{"line":17,"column":2},"end":{"line":39,"column":3}},"11":{"start":{"line":18,"column":31},"end":{"line":18,"column":40}},"12":{"start":{"line":20,"column":4},"end":{"line":22,"column":5}},"13":{"start":{"line":21,"column":6},"end":{"line":21,"column":79}},"14":{"start":{"line":24,"column":20},"end":{"line":24,"column":71}},"15":{"start":{"line":26,"column":4},"end":{"line":30,"column":7}},"16":{"start":{"line":33,"column":4},"end":{"line":33,"column":47}},"17":{"start":{"line":34,"column":4},"end":{"line":38,"column":7}}},"fnMap":{"0":{"name":"handler","decl":{"start":{"line":12,"column":32},"end":{"line":12,"column":39}},"loc":{"start":{"line":12,"column":50},"end":{"line":40,"column":1}},"line":12}},"branchMap":{"0":{"loc":{"start":{"line":7,"column":0},"end":{"line":9,"column":1}},"type":"if","locations":[{"start":{"line":7,"column":0},"end":{"line":9,"column":1}},{"start":{},"end":{}}],"line":7},"1":{"loc":{"start":{"line":13,"column":2},"end":{"line":15,"column":3}},"type":"if","locations":[{"start":{"line":13,"column":2},"end":{"line":15,"column":3}},{"start":{},"end":{}}],"line":13},"2":{"loc":{"start":{"line":20,"column":4},"end":{"line":22,"column":5}},"type":"if","locations":[{"start":{"line":20,"column":4},"end":{"line":22,"column":5}},{"start":{},"end":{}}],"line":20},"3":{"loc":{"start":{"line":20,"column":8},"end":{"line":20,"column":26}},"type":"binary-expr","locations":[{"start":{"line":20,"column":8},"end":{"line":20,"column":16}},{"start":{"line":20,"column":20},"end":{"line":20,"column":26}}],"line":20}},"s":{"0":0,"1":0,"2":0,"3":0,"4":0,"5":0,"6":0,"7":0,"8":0,"9":0,"10":0,"11":0,"12":0,"13":0,"14":0,"15":0,"16":0,"17":0},"f":{"0":0},"b":{"0":[0,0],"1":[0,0],"2":[0,0],"3":[0,0]}}
,"C:\\Users\\User\\Desktop\\Chainhive\\api\\historical\\[address].js": {"path":"C:\\Users\\User\\Desktop\\Chainhive\\api\\historical\\[address].js","statementMap":{"0":{"start":{"line":3,"column":0},"end":{"line":44,"column":1}},"1":{"start":{"line":4,"column":4},"end":{"line":6,"column":5}},"2":{"start":{"line":5,"column":8},"end":{"line":5,"column":69}},"3":{"start":{"line":8,"column":24},"end":{"line":8,"column":33}},"4":{"start":{"line":9,"column":28},"end":{"line":9,"column":37}},"5":{"start":{"line":11,"column":4},"end":{"line":13,"column":5}},"6":{"start":{"line":12,"column":8},"end":{"line":12,"column":70}},"7":{"start":{"line":15,"column":4},"end":{"line":43,"column":5}},"8":{"start":{"line":17,"column":33},"end":{"line":17,"column":66}},"9":{"start":{"line":20,"column":29},"end":{"line":20,"column":72}},"10":{"start":{"line":23,"column":31},"end":{"line":23,"column":92}},"11":{"start":{"line":25,"column":8},"end":{"line":31,"column":11}},"12":{"start":{"line":33,"column":8},"end":{"line":33,"column":64}},"13":{"start":{"line":35,"column":8},"end":{"line":42,"column":11}}},"fnMap":{"0":{"name":"handler","decl":{"start":{"line":3,"column":32},"end":{"line":3,"column":39}},"loc":{"start":{"line":3,"column":50},"end":{"line":44,"column":1}},"line":3}},"branchMap":{"0":{"loc":{"start":{"line":4,"column":4},"end":{"line":6,"column":5}},"type":"if","locations":[{"start":{"line":4,"column":4},"end":{"line":6,"column":5}},{"start":{},"end":{}}],"line":4},"1":{"loc":{"start":{"line":9,"column":12},"end":{"line":9,"column":23}},"type":"default-arg","locations":[{"start":{"line":9,"column":19},"end":{"line":9,"column":23}}],"line":9},"2":{"loc":{"start":{"line":11,"column":4},"end":{"line":13,"column":5}},"type":"if","locations":[{"start":{"line":11,"column":4},"end":{"line":13,"column":5}},{"start":{},"end":{}}],"line":11}},"s":{"0":0,"1":0,"2":0,"3":0,"4":0,"5":0,"6":0,"7":0,"8":0,"9":0,"10":0,"11":0,"12":0,"13":0},"f":{"0":0},"b":{"0":[0,0],"1":[0],"2":[0,0]}}
,"C:\\Users\\User\\Desktop\\Chainhive\\api\\nfts\\[chain]\\[address].js": {"path":"C:\\Users\\User\\Desktop\\Chainhive\\api\\nfts\\[chain]\\[address].js","statementMap":{"0":{"start":{"line":1,"column":25},"end":{"line":1,"column":61}},"1":{"start":{"line":2,"column":15},"end":{"line":2,"column":32}},"2":{"start":{"line":3,"column":0},"end":{"line":3,"column":16}},"3":{"start":{"line":5,"column":22},"end":{"line":5,"column":47}},"4":{"start":{"line":7,"column":0},"end":{"line":9,"column":1}},"5":{"start":{"line":8,"column":2},"end":{"line":8,"column":68}},"6":{"start":{"line":10,"column":21},"end":{"line":10,"column":52}},"7":{"start":{"line":12,"column":0},"end":{"line":40,"column":1}},"8":{"start":{"line":13,"column":2},"end":{"line":15,"column":3}},"9":{"start":{"line":14,"column":4},"end":{"line":14,"column":65}},"10":{"start":{"line":17,"column":2},"end":{"line":39,"column":3}},"11":{"start":{"line":18,"column":31},"end":{"line":18,"column":40}},"12":{"start":{"line":20,"column":4},"end":{"line":22,"column":5}},"13":{"start":{"line":21,"column":6},"end":{"line":21,"column":79}},"14":{"start":{"line":24,"column":17},"end":{"line":24,"column":62}},"15":{"start":{"line":26,"column":4},"end":{"line":30,"column":7}},"16":{"start":{"line":33,"column":4},"end":{"line":33,"column":44}},"17":{"start":{"line":34,"column":4},"end":{"line":38,"column":7}}},"fnMap":{"0":{"name":"handler","decl":{"start":{"line":12,"column":32},"end":{"line":12,"column":39}},"loc":{"start":{"line":12,"column":50},"end":{"line":40,"column":1}},"line":12}},"branchMap":{"0":{"loc":{"start":{"line":7,"column":0},"end":{"line":9,"column":1}},"type":"if","locations":[{"start":{"line":7,"column":0},"end":{"line":9,"column":1}},{"start":{},"end":{}}],"line":7},"1":{"loc":{"start":{"line":13,"column":2},"end":{"line":15,"column":3}},"type":"if","locations":[{"start":{"line":13,"column":2},"end":{"line":15,"column":3}},{"start":{},"end":{}}],"line":13},"2":{"loc":{"start":{"line":20,"column":4},"end":{"line":22,"column":5}},"type":"if","locations":[{"start":{"line":20,"column":4},"end":{"line":22,"column":5}},{"start":{},"end":{}}],"line":20},"3":{"loc":{"start":{"line":20,"column":8},"end":{"line":20,"column":26}},"type":"binary-expr","locations":[{"start":{"line":20,"column":8},"end":{"line":20,"column":16}},{"start":{"line":20,"column":20},"end":{"line":20,"column":26}}],"line":20}},"s":{"0":0,"1":0,"2":0,"3":0,"4":0,"5":0,"6":0,"7":0,"8":0,"9":0,"10":0,"11":0,"12":0,"13":0,"14":0,"15":0,"16":0,"17":0},"f":{"0":0},"b":{"0":[0,0],"1":[0,0],"2":[0,0],"3":[0,0]}}
,"C:\\Users\\User\\Desktop\\Chainhive\\api\\portfolio\\[address].js": {"path":"C:\\Users\\User\\Desktop\\Chainhive\\api\\portfolio\\[address].js","statementMap":{"0":{"start":{"line":1,"column":25},"end":{"line":1,"column":58}},"1":{"start":{"line":2,"column":15},"end":{"line":2,"column":32}},"2":{"start":{"line":3,"column":0},"end":{"line":3,"column":16}},"3":{"start":{"line":5,"column":22},"end":{"line":5,"column":47}},"4":{"start":{"line":7,"column":0},"end":{"line":9,"column":1}},"5":{"start":{"line":8,"column":2},"end":{"line":8,"column":68}},"6":{"start":{"line":10,"column":21},"end":{"line":10,"column":52}},"7":{"start":{"line":12,"column":0},"end":{"line":44,"column":1}},"8":{"start":{"line":13,"column":2},"end":{"line":15,"column":3}},"9":{"start":{"line":14,"column":4},"end":{"line":14,"column":65}},"10":{"start":{"line":17,"column":2},"end":{"line":43,"column":3}},"11":{"start":{"line":18,"column":24},"end":{"line":18,"column":33}},"12":{"start":{"line":19,"column":23},"end":{"line":19,"column":32}},"13":{"start":{"line":21,"column":4},"end":{"line":23,"column":5}},"14":{"start":{"line":22,"column":6},"end":{"line":22,"column":68}},"15":{"start":{"line":25,"column":22},"end":{"line":28,"column":5}},"16":{"start":{"line":30,"column":4},"end":{"line":34,"column":7}},"17":{"start":{"line":37,"column":4},"end":{"line":37,"column":49}},"18":{"start":{"line":38,"column":4},"end":{"line":42,"column":7}}},"fnMap":{"0":{"name":"handler","decl":{"start":{"line":12,"column":32},"end":{"line":12,"column":39}},"loc":{"start":{"line":12,"column":50},"end":{"line":44,"column":1}},"line":12}},"branchMap":{"0":{"loc":{"start":{"line":7,"column":0},"end":{"line":9,"column":1}},"type":"if","locations":[{"start":{"line":7,"column":0},"end":{"line":9,"column":1}},{"start":{},"end":{}}],"line":7},"1":{"loc":{"start":{"line":13,"column":2},"end":{"line":15,"column":3}},"type":"if","locations":[{"start":{"line":13,"column":2},"end":{"line":15,"column":3}},{"start":{},"end":{}}],"line":13},"2":{"loc":{"start":{"line":21,"column":4},"end":{"line":23,"column":5}},"type":"if","locations":[{"start":{"line":21,"column":4},"end":{"line":23,"column":5}},{"start":{},"end":{}}],"line":21},"3":{"loc":{"start":{"line":27,"column":6},"end":{"line":27,"column":44}},"type":"cond-expr","locations":[{"start":{"line":27,"column":15},"end":{"line":27,"column":32}},{"start":{"line":27,"column":35},"end":{"line":27,"column":44}}],"line":27}},"s":{"0":0,"1":0,"2":0,"3":0,"4":0,"5":0,"6":0,"7":0,"8":0,"9":0,"10":0,"11":0,"12":0,"13":0,"14":0,"15":0,"16":0,"17":0,"18":0},"f":{"0":0},"b":{"0":[0,0],"1":[0,0],"2":[0,0],"3":[0,0]}}
,"C:\\Users\\User\\Desktop\\Chainhive\\api\\transactions\\[chain]\\[address].js": {"path":"C:\\Users\\User\\Desktop\\Chainhive\\api\\transactions\\[chain]\\[address].js","statementMap":{"0":{"start":{"line":1,"column":25},"end":{"line":1,"column":61}},"1":{"start":{"line":2,"column":15},"end":{"line":2,"column":32}},"2":{"start":{"line":3,"column":0},"end":{"line":3,"column":16}},"3":{"start":{"line":5,"column":22},"end":{"line":5,"column":47}},"4":{"start":{"line":7,"column":0},"end":{"line":9,"column":1}},"5":{"start":{"line":8,"column":2},"end":{"line":8,"column":68}},"6":{"start":{"line":10,"column":21},"end":{"line":10,"column":52}},"7":{"start":{"line":12,"column":0},"end":{"line":46,"column":1}},"8":{"start":{"line":13,"column":2},"end":{"line":15,"column":3}},"9":{"start":{"line":14,"column":4},"end":{"line":14,"column":65}},"10":{"start":{"line":17,"column":2},"end":{"line":45,"column":3}},"11":{"start":{"line":18,"column":31},"end":{"line":18,"column":40}},"12":{"start":{"line":19,"column":39},"end":{"line":19,"column":48}},"13":{"start":{"line":21,"column":4},"end":{"line":23,"column":5}},"14":{"start":{"line":22,"column":6},"end":{"line":22,"column":79}},"15":{"start":{"line":25,"column":25},"end":{"line":30,"column":5}},"16":{"start":{"line":32,"column":4},"end":{"line":36,"column":7}},"17":{"start":{"line":39,"column":4},"end":{"line":39,"column":52}},"18":{"start":{"line":40,"column":4},"end":{"line":44,"column":7}}},"fnMap":{"0":{"name":"handler","decl":{"start":{"line":12,"column":32},"end":{"line":12,"column":39}},"loc":{"start":{"line":12,"column":50},"end":{"line":46,"column":1}},"line":12}},"branchMap":{"0":{"loc":{"start":{"line":7,"column":0},"end":{"line":9,"column":1}},"type":"if","locations":[{"start":{"line":7,"column":0},"end":{"line":9,"column":1}},{"start":{},"end":{}}],"line":7},"1":{"loc":{"start":{"line":13,"column":2},"end":{"line":15,"column":3}},"type":"if","locations":[{"start":{"line":13,"column":2},"end":{"line":15,"column":3}},{"start":{},"end":{}}],"line":13},"2":{"loc":{"start":{"line":19,"column":12},"end":{"line":19,"column":22}},"type":"default-arg","locations":[{"start":{"line":19,"column":20},"end":{"line":19,"column":22}}],"line":19},"3":{"loc":{"start":{"line":19,"column":24},"end":{"line":19,"column":34}},"type":"default-arg","locations":[{"start":{"line":19,"column":33},"end":{"line":19,"column":34}}],"line":19},"4":{"loc":{"start":{"line":21,"column":4},"end":{"line":23,"column":5}},"type":"if","locations":[{"start":{"line":21,"column":4},"end":{"line":23,"column":5}},{"start":{},"end":{}}],"line":21},"5":{"loc":{"start":{"line":21,"column":8},"end":{"line":21,"column":26}},"type":"binary-expr","locations":[{"start":{"line":21,"column":8},"end":{"line":21,"column":16}},{"start":{"line":21,"column":20},"end":{"line":21,"column":26}}],"line":21}},"s":{"0":0,"1":0,"2":0,"3":0,"4":0,"5":0,"6":0,"7":0,"8":0,"9":0,"10":0,"11":0,"12":0,"13":0,"14":0,"15":0,"16":0,"17":0,"18":0},"f":{"0":0},"b":{"0":[0,0],"1":[0,0],"2":[0],"3":[0],"4":[0,0],"5":[0,0]}}
,"C:\\Users\\User\\Desktop\\Chainhive\\config\\index.js": {"path":"C:\\Users\\User\\Desktop\\Chainhive\\config\\index.js","statementMap":{"0":{"start":{"line":2,"column":0},"end":{"line":2,"column":27}},"1":{"start":{"line":3,"column":19},"end":{"line":3,"column":45}},"2":{"start":{"line":6,"column":21},"end":{"line":51,"column":1}},"3":{"start":{"line":55,"column":8},"end":{"line":55,"column":25}},"4":{"start":{"line":56,"column":8},"end":{"line":56,"column":26}},"5":{"start":{"line":57,"column":8},"end":{"line":57,"column":30}},"6":{"start":{"line":61,"column":8},"end":{"line":78,"column":9}},"7":{"start":{"line":62,"column":29},"end":{"line":62,"column":45}},"8":{"start":{"line":65,"column":12},"end":{"line":75,"column":13}},"9":{"start":{"line":67,"column":16},"end":{"line":69,"column":17}},"10":{"start":{"line":68,"column":20},"end":{"line":68,"column":62}},"11":{"start":{"line":70,"column":16},"end":{"line":70,"column":68}},"12":{"start":{"line":71,"column":19},"end":{"line":75,"column":13}},"13":{"start":{"line":72,"column":16},"end":{"line":72,"column":39}},"14":{"start":{"line":73,"column":19},"end":{"line":75,"column":13}},"15":{"start":{"line":74,"column":16},"end":{"line":74,"column":81}},"16":{"start":{"line":77,"column":12},"end":{"line":77,"column":37}},"17":{"start":{"line":82,"column":8},"end":{"line":94,"column":9}},"18":{"start":{"line":84,"column":28},"end":{"line":84,"column":41}},"19":{"start":{"line":85,"column":16},"end":{"line":87,"column":17}},"20":{"start":{"line":86,"column":20},"end":{"line":86,"column":69}},"21":{"start":{"line":88,"column":16},"end":{"line":88,"column":27}},"22":{"start":{"line":90,"column":16},"end":{"line":90,"column":54}},"23":{"start":{"line":93,"column":16},"end":{"line":93,"column":29}},"24":{"start":{"line":98,"column":8},"end":{"line":135,"column":9}},"25":{"start":{"line":99,"column":26},"end":{"line":99,"column":42}},"26":{"start":{"line":102,"column":12},"end":{"line":104,"column":13}},"27":{"start":{"line":103,"column":16},"end":{"line":103,"column":81}},"28":{"start":{"line":107,"column":12},"end":{"line":109,"column":13}},"29":{"start":{"line":108,"column":16},"end":{"line":108,"column":84}},"30":{"start":{"line":112,"column":12},"end":{"line":134,"column":13}},"31":{"start":{"line":113,"column":16},"end":{"line":117,"column":17}},"32":{"start":{"line":114,"column":20},"end":{"line":114,"column":78}},"33":{"start":{"line":115,"column":23},"end":{"line":117,"column":17}},"34":{"start":{"line":116,"column":20},"end":{"line":116,"column":77}},"35":{"start":{"line":120,"column":16},"end":{"line":133,"column":17}},"36":{"start":{"line":121,"column":20},"end":{"line":127,"column":21}},"37":{"start":{"line":122,"column":24},"end":{"line":126,"column":25}},"38":{"start":{"line":123,"column":28},"end":{"line":123,"column":100}},"39":{"start":{"line":125,"column":28},"end":{"line":125,"column":80}},"40":{"start":{"line":128,"column":20},"end":{"line":132,"column":21}},"41":{"start":{"line":129,"column":24},"end":{"line":131,"column":25}},"42":{"start":{"line":130,"column":28},"end":{"line":130,"column":100}},"43":{"start":{"line":138,"column":8},"end":{"line":138,"column":33}},"44":{"start":{"line":143,"column":8},"end":{"line":145,"column":9}},"45":{"start":{"line":144,"column":12},"end":{"line":144,"column":66}},"46":{"start":{"line":147,"column":8},"end":{"line":155,"column":9}},"47":{"start":{"line":149,"column":25},"end":{"line":149,"column":83}},"48":{"start":{"line":149,"column":72},"end":{"line":149,"column":82}},"49":{"start":{"line":150,"column":12},"end":{"line":154,"column":13}},"50":{"start":{"line":151,"column":16},"end":{"line":153,"column":17}},"51":{"start":{"line":152,"column":20},"end":{"line":152,"column":72}},"52":{"start":{"line":158,"column":8},"end":{"line":160,"column":9}},"53":{"start":{"line":159,"column":12},"end":{"line":159,"column":61}},"54":{"start":{"line":163,"column":23},"end":{"line":163,"column":39}},"55":{"start":{"line":164,"column":28},"end":{"line":164,"column":95}},"56":{"start":{"line":165,"column":8},"end":{"line":169,"column":9}},"57":{"start":{"line":166,"column":12},"end":{"line":168,"column":13}},"58":{"start":{"line":167,"column":16},"end":{"line":167,"column":73}},"59":{"start":{"line":173,"column":8},"end":{"line":178,"column":9}},"60":{"start":{"line":174,"column":12},"end":{"line":174,"column":28}},"61":{"start":{"line":175,"column":12},"end":{"line":175,"column":24}},"62":{"start":{"line":177,"column":12},"end":{"line":177,"column":25}},"63":{"start":{"line":182,"column":8},"end":{"line":184,"column":47}},"64":{"start":{"line":188,"column":8},"end":{"line":188,"column":32}},"65":{"start":{"line":192,"column":8},"end":{"line":197,"column":9}},"66":{"start":{"line":193,"column":12},"end":{"line":193,"column":78}},"67":{"start":{"line":195,"column":12},"end":{"line":195,"column":69}},"68":{"start":{"line":196,"column":12},"end":{"line":196,"column":37}},"69":{"start":{"line":201,"column":8},"end":{"line":201,"column":34}},"70":{"start":{"line":206,"column":8},"end":{"line":206,"column":54}},"71":{"start":{"line":210,"column":8},"end":{"line":210,"column":53}},"72":{"start":{"line":214,"column":8},"end":{"line":214,"column":47}},"73":{"start":{"line":218,"column":8},"end":{"line":218,"column":96}},"74":{"start":{"line":218,"column":66},"end":{"line":218,"column":78}},"75":{"start":{"line":222,"column":8},"end":{"line":222,"column":92}},"76":{"start":{"line":222,"column":64},"end":{"line":222,"column":74}},"77":{"start":{"line":226,"column":8},"end":{"line":232,"column":10}},"78":{"start":{"line":236,"column":8},"end":{"line":241,"column":10}},"79":{"start":{"line":245,"column":8},"end":{"line":248,"column":10}},"80":{"start":{"line":253,"column":8},"end":{"line":258,"column":10}},"81":{"start":{"line":262,"column":8},"end":{"line":276,"column":10}},"82":{"start":{"line":269,"column":90},"end":{"line":269,"column":103}},"83":{"start":{"line":280,"column":8},"end":{"line":288,"column":10}},"84":{"start":{"line":283,"column":82},"end":{"line":283,"column":94}},"85":{"start":{"line":293,"column":8},"end":{"line":297,"column":10}},"86":{"start":{"line":302,"column":8},"end":{"line":308,"column":10}},"87":{"start":{"line":313,"column":8},"end":{"line":318,"column":10}},"88":{"start":{"line":322,"column":8},"end":{"line":328,"column":10}},"89":{"start":{"line":333,"column":8},"end":{"line":343,"column":10}},"90":{"start":{"line":347,"column":21},"end":{"line":347,"column":36}},"91":{"start":{"line":348,"column":8},"end":{"line":350,"column":9}},"92":{"start":{"line":349,"column":12},"end":{"line":349,"column":74}},"93":{"start":{"line":353,"column":27},"end":{"line":353,"column":84}},"94":{"start":{"line":354,"column":8},"end":{"line":356,"column":9}},"95":{"start":{"line":355,"column":12},"end":{"line":355,"column":74}},"96":{"start":{"line":359,"column":8},"end":{"line":361,"column":9}},"97":{"start":{"line":360,"column":12},"end":{"line":360,"column":64}},"98":{"start":{"line":364,"column":8},"end":{"line":370,"column":9}},"99":{"start":{"line":365,"column":12},"end":{"line":365,"column":46}},"100":{"start":{"line":366,"column":15},"end":{"line":370,"column":9}},"101":{"start":{"line":367,"column":12},"end":{"line":367,"column":45}},"102":{"start":{"line":368,"column":15},"end":{"line":370,"column":9}},"103":{"start":{"line":369,"column":12},"end":{"line":369,"column":37}},"104":{"start":{"line":374,"column":23},"end":{"line":374,"column":39}},"105":{"start":{"line":376,"column":8},"end":{"line":383,"column":9}},"106":{"start":{"line":378,"column":35},"end":{"line":378,"column":69}},"107":{"start":{"line":379,"column":12},"end":{"line":381,"column":13}},"108":{"start":{"line":380,"column":16},"end":{"line":380,"column":62}},"109":{"start":{"line":382,"column":12},"end":{"line":382,"column":59}},"110":{"start":{"line":385,"column":8},"end":{"line":385,"column":47}},"111":{"start":{"line":390,"column":24},"end":{"line":390,"column":42}},"112":{"start":{"line":393,"column":8},"end":{"line":395,"column":9}},"113":{"start":{"line":394,"column":12},"end":{"line":394,"column":78}},"114":{"start":{"line":396,"column":8},"end":{"line":398,"column":9}},"115":{"start":{"line":397,"column":12},"end":{"line":397,"column":44}},"116":{"start":{"line":399,"column":8},"end":{"line":401,"column":9}},"117":{"start":{"line":400,"column":12},"end":{"line":400,"column":48}},"118":{"start":{"line":402,"column":8},"end":{"line":404,"column":9}},"119":{"start":{"line":403,"column":12},"end":{"line":403,"column":80}},"120":{"start":{"line":406,"column":8},"end":{"line":406,"column":23}},"121":{"start":{"line":411,"column":15},"end":{"line":411,"column":34}},"122":{"start":{"line":414,"column":0},"end":{"line":416,"column":1}},"123":{"start":{"line":415,"column":4},"end":{"line":415,"column":61}},"124":{"start":{"line":418,"column":0},"end":{"line":421,"column":2}}},"fnMap":{"0":{"name":"(anonymous_0)","decl":{"start":{"line":54,"column":4},"end":{"line":54,"column":5}},"loc":{"start":{"line":54,"column":18},"end":{"line":58,"column":5}},"line":54},"1":{"name":"(anonymous_1)","decl":{"start":{"line":60,"column":4},"end":{"line":60,"column":5}},"loc":{"start":{"line":60,"column":17},"end":{"line":79,"column":5}},"line":60},"2":{"name":"(anonymous_2)","decl":{"start":{"line":81,"column":4},"end":{"line":81,"column":5}},"loc":{"start":{"line":81,"column":33},"end":{"line":95,"column":5}},"line":81},"3":{"name":"(anonymous_3)","decl":{"start":{"line":97,"column":4},"end":{"line":97,"column":5}},"loc":{"start":{"line":97,"column":21},"end":{"line":139,"column":5}},"line":97},"4":{"name":"(anonymous_4)","decl":{"start":{"line":141,"column":4},"end":{"line":141,"column":5}},"loc":{"start":{"line":141,"column":24},"end":{"line":170,"column":5}},"line":141},"5":{"name":"(anonymous_5)","decl":{"start":{"line":149,"column":65},"end":{"line":149,"column":66}},"loc":{"start":{"line":149,"column":72},"end":{"line":149,"column":82}},"line":149},"6":{"name":"(anonymous_6)","decl":{"start":{"line":172,"column":4},"end":{"line":172,"column":5}},"loc":{"start":{"line":172,"column":23},"end":{"line":179,"column":5}},"line":172},"7":{"name":"(anonymous_7)","decl":{"start":{"line":181,"column":4},"end":{"line":181,"column":5}},"loc":{"start":{"line":181,"column":28},"end":{"line":185,"column":5}},"line":181},"8":{"name":"(anonymous_8)","decl":{"start":{"line":187,"column":4},"end":{"line":187,"column":5}},"loc":{"start":{"line":187,"column":13},"end":{"line":189,"column":5}},"line":187},"9":{"name":"(anonymous_9)","decl":{"start":{"line":191,"column":4},"end":{"line":191,"column":5}},"loc":{"start":{"line":191,"column":20},"end":{"line":198,"column":5}},"line":191},"10":{"name":"(anonymous_10)","decl":{"start":{"line":200,"column":4},"end":{"line":200,"column":5}},"loc":{"start":{"line":200,"column":13},"end":{"line":202,"column":5}},"line":200},"11":{"name":"(anonymous_11)","decl":{"start":{"line":205,"column":4},"end":{"line":205,"column":5}},"loc":{"start":{"line":205,"column":20},"end":{"line":207,"column":5}},"line":205},"12":{"name":"(anonymous_12)","decl":{"start":{"line":209,"column":4},"end":{"line":209,"column":5}},"loc":{"start":{"line":209,"column":19},"end":{"line":211,"column":5}},"line":209},"13":{"name":"(anonymous_13)","decl":{"start":{"line":213,"column":4},"end":{"line":213,"column":5}},"loc":{"start":{"line":213,"column":13},"end":{"line":215,"column":5}},"line":213},"14":{"name":"(anonymous_14)","decl":{"start":{"line":217,"column":4},"end":{"line":217,"column":5}},"loc":{"start":{"line":217,"column":16},"end":{"line":219,"column":5}},"line":217},"15":{"name":"(anonymous_15)","decl":{"start":{"line":218,"column":57},"end":{"line":218,"column":58}},"loc":{"start":{"line":218,"column":66},"end":{"line":218,"column":78}},"line":218},"16":{"name":"(anonymous_16)","decl":{"start":{"line":221,"column":4},"end":{"line":221,"column":5}},"loc":{"start":{"line":221,"column":17},"end":{"line":223,"column":5}},"line":221},"17":{"name":"(anonymous_17)","decl":{"start":{"line":222,"column":57},"end":{"line":222,"column":58}},"loc":{"start":{"line":222,"column":64},"end":{"line":222,"column":74}},"line":222},"18":{"name":"(anonymous_18)","decl":{"start":{"line":225,"column":4},"end":{"line":225,"column":5}},"loc":{"start":{"line":225,"column":25},"end":{"line":233,"column":5}},"line":225},"19":{"name":"(anonymous_19)","decl":{"start":{"line":235,"column":4},"end":{"line":235,"column":5}},"loc":{"start":{"line":235,"column":21},"end":{"line":242,"column":5}},"line":235},"20":{"name":"(anonymous_20)","decl":{"start":{"line":244,"column":4},"end":{"line":244,"column":5}},"loc":{"start":{"line":244,"column":19},"end":{"line":249,"column":5}},"line":244},"21":{"name":"(anonymous_21)","decl":{"start":{"line":252,"column":4},"end":{"line":252,"column":5}},"loc":{"start":{"line":252,"column":23},"end":{"line":259,"column":5}},"line":252},"22":{"name":"(anonymous_22)","decl":{"start":{"line":261,"column":4},"end":{"line":261,"column":5}},"loc":{"start":{"line":261,"column":24},"end":{"line":277,"column":5}},"line":261},"23":{"name":"(anonymous_23)","decl":{"start":{"line":269,"column":80},"end":{"line":269,"column":81}},"loc":{"start":{"line":269,"column":90},"end":{"line":269,"column":103}},"line":269},"24":{"name":"(anonymous_24)","decl":{"start":{"line":279,"column":4},"end":{"line":279,"column":5}},"loc":{"start":{"line":279,"column":26},"end":{"line":289,"column":5}},"line":279},"25":{"name":"(anonymous_25)","decl":{"start":{"line":283,"column":73},"end":{"line":283,"column":74}},"loc":{"start":{"line":283,"column":82},"end":{"line":283,"column":94}},"line":283},"26":{"name":"(anonymous_26)","decl":{"start":{"line":292,"column":4},"end":{"line":292,"column":5}},"loc":{"start":{"line":292,"column":27},"end":{"line":298,"column":5}},"line":292},"27":{"name":"(anonymous_27)","decl":{"start":{"line":301,"column":4},"end":{"line":301,"column":5}},"loc":{"start":{"line":301,"column":22},"end":{"line":309,"column":5}},"line":301},"28":{"name":"(anonymous_28)","decl":{"start":{"line":312,"column":4},"end":{"line":312,"column":5}},"loc":{"start":{"line":312,"column":19},"end":{"line":319,"column":5}},"line":312},"29":{"name":"(anonymous_29)","decl":{"start":{"line":321,"column":4},"end":{"line":321,"column":5}},"loc":{"start":{"line":321,"column":26},"end":{"line":329,"column":5}},"line":321},"30":{"name":"(anonymous_30)","decl":{"start":{"line":332,"column":4},"end":{"line":332,"column":5}},"loc":{"start":{"line":332,"column":16},"end":{"line":344,"column":5}},"line":332},"31":{"name":"(anonymous_31)","decl":{"start":{"line":346,"column":4},"end":{"line":346,"column":5}},"loc":{"start":{"line":346,"column":30},"end":{"line":371,"column":5}},"line":346},"32":{"name":"(anonymous_32)","decl":{"start":{"line":373,"column":4},"end":{"line":373,"column":5}},"loc":{"start":{"line":373,"column":37},"end":{"line":386,"column":5}},"line":373},"33":{"name":"(anonymous_33)","decl":{"start":{"line":389,"column":4},"end":{"line":389,"column":5}},"loc":{"start":{"line":389,"column":17},"end":{"line":407,"column":5}},"line":389}},"branchMap":{"0":{"loc":{"start":{"line":65,"column":12},"end":{"line":75,"column":13}},"type":"if","locations":[{"start":{"line":65,"column":12},"end":{"line":75,"column":13}},{"start":{"line":71,"column":19},"end":{"line":75,"column":13}}],"line":65},"1":{"loc":{"start":{"line":67,"column":16},"end":{"line":69,"column":17}},"type":"if","locations":[{"start":{"line":67,"column":16},"end":{"line":69,"column":17}},{"start":{},"end":{}}],"line":67},"2":{"loc":{"start":{"line":67,"column":20},"end":{"line":67,"column":82}},"type":"binary-expr","locations":[{"start":{"line":67,"column":20},"end":{"line":67,"column":35}},{"start":{"line":67,"column":40},"end":{"line":67,"column":55}},{"start":{"line":67,"column":59},"end":{"line":67,"column":81}}],"line":67},"3":{"loc":{"start":{"line":71,"column":19},"end":{"line":75,"column":13}},"type":"if","locations":[{"start":{"line":71,"column":19},"end":{"line":75,"column":13}},{"start":{"line":73,"column":19},"end":{"line":75,"column":13}}],"line":71},"4":{"loc":{"start":{"line":73,"column":19},"end":{"line":75,"column":13}},"type":"if","locations":[{"start":{"line":73,"column":19},"end":{"line":75,"column":13}},{"start":{},"end":{}}],"line":73},"5":{"loc":{"start":{"line":82,"column":8},"end":{"line":94,"column":9}},"type":"switch","locations":[{"start":{"line":83,"column":12},"end":{"line":88,"column":27}},{"start":{"line":89,"column":12},"end":{"line":90,"column":54}},{"start":{"line":91,"column":12},"end":{"line":91,"column":26}},{"start":{"line":92,"column":12},"end":{"line":93,"column":29}}],"line":82},"6":{"loc":{"start":{"line":85,"column":16},"end":{"line":87,"column":17}},"type":"if","locations":[{"start":{"line":85,"column":16},"end":{"line":87,"column":17}},{"start":{},"end":{}}],"line":85},"7":{"loc":{"start":{"line":102,"column":12},"end":{"line":104,"column":13}},"type":"if","locations":[{"start":{"line":102,"column":12},"end":{"line":104,"column":13}},{"start":{},"end":{}}],"line":102},"8":{"loc":{"start":{"line":102,"column":16},"end":{"line":102,"column":90}},"type":"binary-expr","locations":[{"start":{"line":102,"column":16},"end":{"line":102,"column":31}},{"start":{"line":102,"column":36},"end":{"line":102,"column":55}},{"start":{"line":102,"column":59},"end":{"line":102,"column":73}},{"start":{"line":102,"column":77},"end":{"line":102,"column":89}}],"line":102},"9":{"loc":{"start":{"line":107,"column":12},"end":{"line":109,"column":13}},"type":"if","locations":[{"start":{"line":107,"column":12},"end":{"line":109,"column":13}},{"start":{},"end":{}}],"line":107},"10":{"loc":{"start":{"line":107,"column":16},"end":{"line":107,"column":68}},"type":"binary-expr","locations":[{"start":{"line":107,"column":16},"end":{"line":107,"column":27}},{"start":{"line":107,"column":31},"end":{"line":107,"column":36}},{"start":{"line":107,"column":40},"end":{"line":107,"column":68}}],"line":107},"11":{"loc":{"start":{"line":112,"column":12},"end":{"line":134,"column":13}},"type":"if","locations":[{"start":{"line":112,"column":12},"end":{"line":134,"column":13}},{"start":{},"end":{}}],"line":112},"12":{"loc":{"start":{"line":112,"column":16},"end":{"line":112,"column":53}},"type":"binary-expr","locations":[{"start":{"line":112,"column":16},"end":{"line":112,"column":35}},{"start":{"line":112,"column":39},"end":{"line":112,"column":53}}],"line":112},"13":{"loc":{"start":{"line":113,"column":16},"end":{"line":117,"column":17}},"type":"if","locations":[{"start":{"line":113,"column":16},"end":{"line":117,"column":17}},{"start":{"line":115,"column":23},"end":{"line":117,"column":17}}],"line":113},"14":{"loc":{"start":{"line":113,"column":20},"end":{"line":113,"column":75}},"type":"binary-expr","locations":[{"start":{"line":113,"column":20},"end":{"line":113,"column":45}},{"start":{"line":113,"column":49},"end":{"line":113,"column":75}}],"line":113},"15":{"loc":{"start":{"line":115,"column":23},"end":{"line":117,"column":17}},"type":"if","locations":[{"start":{"line":115,"column":23},"end":{"line":117,"column":17}},{"start":{},"end":{}}],"line":115},"16":{"loc":{"start":{"line":115,"column":27},"end":{"line":115,"column":80}},"type":"binary-expr","locations":[{"start":{"line":115,"column":27},"end":{"line":115,"column":51}},{"start":{"line":115,"column":55},"end":{"line":115,"column":80}}],"line":115},"17":{"loc":{"start":{"line":120,"column":16},"end":{"line":133,"column":17}},"type":"if","locations":[{"start":{"line":120,"column":16},"end":{"line":133,"column":17}},{"start":{},"end":{}}],"line":120},"18":{"loc":{"start":{"line":120,"column":20},"end":{"line":120,"column":73}},"type":"binary-expr","locations":[{"start":{"line":120,"column":20},"end":{"line":120,"column":44}},{"start":{"line":120,"column":48},"end":{"line":120,"column":73}}],"line":120},"19":{"loc":{"start":{"line":121,"column":20},"end":{"line":127,"column":21}},"type":"if","locations":[{"start":{"line":121,"column":20},"end":{"line":127,"column":21}},{"start":{},"end":{}}],"line":121},"20":{"loc":{"start":{"line":121,"column":24},"end":{"line":121,"column":70}},"type":"binary-expr","locations":[{"start":{"line":121,"column":24},"end":{"line":121,"column":48}},{"start":{"line":121,"column":52},"end":{"line":121,"column":70}}],"line":121},"21":{"loc":{"start":{"line":122,"column":24},"end":{"line":126,"column":25}},"type":"if","locations":[{"start":{"line":122,"column":24},"end":{"line":126,"column":25}},{"start":{"line":124,"column":31},"end":{"line":126,"column":25}}],"line":122},"22":{"loc":{"start":{"line":128,"column":20},"end":{"line":132,"column":21}},"type":"if","locations":[{"start":{"line":128,"column":20},"end":{"line":132,"column":21}},{"start":{},"end":{}}],"line":128},"23":{"loc":{"start":{"line":128,"column":24},"end":{"line":128,"column":70}},"type":"binary-expr","locations":[{"start":{"line":128,"column":24},"end":{"line":128,"column":48}},{"start":{"line":128,"column":52},"end":{"line":128,"column":70}}],"line":128},"24":{"loc":{"start":{"line":129,"column":24},"end":{"line":131,"column":25}},"type":"if","locations":[{"start":{"line":129,"column":24},"end":{"line":131,"column":25}},{"start":{},"end":{}}],"line":129},"25":{"loc":{"start":{"line":143,"column":8},"end":{"line":145,"column":9}},"type":"if","locations":[{"start":{"line":143,"column":8},"end":{"line":145,"column":9}},{"start":{},"end":{}}],"line":143},"26":{"loc":{"start":{"line":143,"column":12},"end":{"line":143,"column":86}},"type":"binary-expr","locations":[{"start":{"line":143,"column":12},"end":{"line":143,"column":38}},{"start":{"line":143,"column":42},"end":{"line":143,"column":86}}],"line":143},"27":{"loc":{"start":{"line":147,"column":8},"end":{"line":155,"column":9}},"type":"if","locations":[{"start":{"line":147,"column":8},"end":{"line":155,"column":9}},{"start":{},"end":{}}],"line":147},"28":{"loc":{"start":{"line":151,"column":16},"end":{"line":153,"column":17}},"type":"if","locations":[{"start":{"line":151,"column":16},"end":{"line":153,"column":17}},{"start":{},"end":{}}],"line":151},"29":{"loc":{"start":{"line":158,"column":8},"end":{"line":160,"column":9}},"type":"if","locations":[{"start":{"line":158,"column":8},"end":{"line":160,"column":9}},{"start":{},"end":{}}],"line":158},"30":{"loc":{"start":{"line":158,"column":12},"end":{"line":158,"column":113}},"type":"binary-expr","locations":[{"start":{"line":158,"column":12},"end":{"line":158,"column":33}},{"start":{"line":158,"column":37},"end":{"line":158,"column":65}},{"start":{"line":158,"column":69},"end":{"line":158,"column":113}}],"line":158},"31":{"loc":{"start":{"line":166,"column":12},"end":{"line":168,"column":13}},"type":"if","locations":[{"start":{"line":166,"column":12},"end":{"line":168,"column":13}},{"start":{},"end":{}}],"line":166},"32":{"loc":{"start":{"line":182,"column":15},"end":{"line":184,"column":46}},"type":"binary-expr","locations":[{"start":{"line":182,"column":15},"end":{"line":182,"column":44}},{"start":{"line":182,"column":48},"end":{"line":182,"column":78}},{"start":{"line":183,"column":15},"end":{"line":183,"column":52}},{"start":{"line":184,"column":15},"end":{"line":184,"column":46}}],"line":182},"33":{"loc":{"start":{"line":192,"column":8},"end":{"line":197,"column":9}},"type":"if","locations":[{"start":{"line":192,"column":8},"end":{"line":197,"column":9}},{"start":{"line":194,"column":15},"end":{"line":197,"column":9}}],"line":192},"34":{"loc":{"start":{"line":265,"column":20},"end":{"line":265,"column":46}},"type":"binary-expr","locations":[{"start":{"line":265,"column":20},"end":{"line":265,"column":40}},{"start":{"line":265,"column":44},"end":{"line":265,"column":46}}],"line":265},"35":{"loc":{"start":{"line":284,"column":26},"end":{"line":284,"column":59}},"type":"binary-expr","locations":[{"start":{"line":284,"column":26},"end":{"line":284,"column":45}},{"start":{"line":284,"column":49},"end":{"line":284,"column":59}}],"line":284},"36":{"loc":{"start":{"line":348,"column":8},"end":{"line":350,"column":9}},"type":"if","locations":[{"start":{"line":348,"column":8},"end":{"line":350,"column":9}},{"start":{},"end":{}}],"line":348},"37":{"loc":{"start":{"line":354,"column":8},"end":{"line":356,"column":9}},"type":"if","locations":[{"start":{"line":354,"column":8},"end":{"line":356,"column":9}},{"start":{},"end":{}}],"line":354},"38":{"loc":{"start":{"line":359,"column":8},"end":{"line":361,"column":9}},"type":"if","locations":[{"start":{"line":359,"column":8},"end":{"line":361,"column":9}},{"start":{},"end":{}}],"line":359},"39":{"loc":{"start":{"line":359,"column":12},"end":{"line":359,"column":66}},"type":"binary-expr","locations":[{"start":{"line":359,"column":12},"end":{"line":359,"column":34}},{"start":{"line":359,"column":39},"end":{"line":359,"column":48}},{"start":{"line":359,"column":52},"end":{"line":359,"column":65}}],"line":359},"40":{"loc":{"start":{"line":364,"column":8},"end":{"line":370,"column":9}},"type":"if","locations":[{"start":{"line":364,"column":8},"end":{"line":370,"column":9}},{"start":{"line":366,"column":15},"end":{"line":370,"column":9}}],"line":364},"41":{"loc":{"start":{"line":366,"column":15},"end":{"line":370,"column":9}},"type":"if","locations":[{"start":{"line":366,"column":15},"end":{"line":370,"column":9}},{"start":{"line":368,"column":15},"end":{"line":370,"column":9}}],"line":366},"42":{"loc":{"start":{"line":368,"column":15},"end":{"line":370,"column":9}},"type":"if","locations":[{"start":{"line":368,"column":15},"end":{"line":370,"column":9}},{"start":{},"end":{}}],"line":368},"43":{"loc":{"start":{"line":373,"column":11},"end":{"line":373,"column":35}},"type":"default-arg","locations":[{"start":{"line":373,"column":30},"end":{"line":373,"column":35}}],"line":373},"44":{"loc":{"start":{"line":376,"column":8},"end":{"line":383,"column":9}},"type":"if","locations":[{"start":{"line":376,"column":8},"end":{"line":383,"column":9}},{"start":{},"end":{}}],"line":376},"45":{"loc":{"start":{"line":379,"column":12},"end":{"line":381,"column":13}},"type":"if","locations":[{"start":{"line":379,"column":12},"end":{"line":381,"column":13}},{"start":{},"end":{}}],"line":379},"46":{"loc":{"start":{"line":379,"column":16},"end":{"line":379,"column":68}},"type":"binary-expr","locations":[{"start":{"line":379,"column":16},"end":{"line":379,"column":34}},{"start":{"line":379,"column":38},"end":{"line":379,"column":68}}],"line":379},"47":{"loc":{"start":{"line":393,"column":8},"end":{"line":395,"column":9}},"type":"if","locations":[{"start":{"line":393,"column":8},"end":{"line":395,"column":9}},{"start":{},"end":{}}],"line":393},"48":{"loc":{"start":{"line":396,"column":8},"end":{"line":398,"column":9}},"type":"if","locations":[{"start":{"line":396,"column":8},"end":{"line":398,"column":9}},{"start":{},"end":{}}],"line":396},"49":{"loc":{"start":{"line":399,"column":8},"end":{"line":401,"column":9}},"type":"if","locations":[{"start":{"line":399,"column":8},"end":{"line":401,"column":9}},{"start":{},"end":{}}],"line":399},"50":{"loc":{"start":{"line":402,"column":8},"end":{"line":404,"column":9}},"type":"if","locations":[{"start":{"line":402,"column":8},"end":{"line":404,"column":9}},{"start":{},"end":{}}],"line":402},"51":{"loc":{"start":{"line":414,"column":0},"end":{"line":416,"column":1}},"type":"if","locations":[{"start":{"line":414,"column":0},"end":{"line":416,"column":1}},{"start":{},"end":{}}],"line":414}},"s":{"0":6,"1":6,"2":6,"3":60,"4":60,"5":56,"6":60,"7":1537,"8":1537,"9":358,"10":2,"11":356,"12":1179,"13":1178,"14":1,"15":1,"16":1533,"17":356,"18":121,"19":121,"20":1,"21":120,"22":5,"23":230,"24":56,"25":1441,"26":1441,"27":0,"28":1441,"29":2,"30":1439,"31":1439,"32":0,"33":1439,"34":0,"35":1439,"36":480,"37":1,"38":0,"39":1,"40":479,"41":1,"42":1,"43":52,"44":52,"45":0,"46":52,"47":52,"48":156,"49":52,"50":156,"51":0,"52":52,"53":1,"54":51,"55":51,"56":51,"57":153,"58":0,"59":208,"60":208,"61":208,"62":0,"63":3,"64":0,"65":0,"66":0,"67":0,"68":0,"69":0,"70":3,"71":3,"72":9,"73":83,"74":249,"75":32,"76":32,"77":16,"78":49,"79":0,"80":16,"81":16,"82":47,"83":16,"84":94,"85":16,"86":16,"87":16,"88":16,"89":15,"90":4,"91":4,"92":0,"93":4,"94":4,"95":1,"96":3,"97":1,"98":2,"99":1,"100":1,"101":1,"102":0,"103":0,"104":2,"105":2,"106":1,"107":1,"108":1,"109":1,"110":1,"111":0,"112":0,"113":0,"114":0,"115":0,"116":0,"117":0,"118":0,"119":0,"120":0,"121":6,"122":6,"123":0,"124":6},"f":{"0":60,"1":60,"2":356,"3":56,"4":52,"5":156,"6":208,"7":3,"8":0,"9":0,"10":0,"11":3,"12":3,"13":9,"14":83,"15":249,"16":32,"17":32,"18":16,"19":49,"20":0,"21":16,"22":16,"23":47,"24":16,"25":94,"26":16,"27":16,"28":16,"29":16,"30":15,"31":4,"32":2,"33":0},"b":{"0":[358,1179],"1":[2,356],"2":[358,59,58],"3":[1178,1],"4":[1,0],"5":[121,5,230,230],"6":[1,120],"7":[0,1441],"8":[1441,54,54,54],"9":[2,1439],"10":[1441,160,160],"11":[1439,0],"12":[1439,1439],"13":[0,1439],"14":[1439,213],"15":[0,1439],"16":[1439,480],"17":[480,959],"18":[1439,480],"19":[1,479],"20":[480,110],"21":[0,1],"22":[1,478],"23":[479,56],"24":[1,0],"25":[0,52],"26":[52,52],"27":[52,0],"28":[0,156],"29":[1,51],"30":[52,3,3],"31":[0,153],"32":[3,1,1,1],"33":[0,0],"34":[16,16],"35":[16,0],"36":[0,4],"37":[1,3],"38":[1,2],"39":[3,1,1],"40":[1,1],"41":[1,0],"42":[0,0],"43":[1],"44":[1,1],"45":[1,0],"46":[1,1],"47":[0,0],"48":[0,0],"49":[0,0],"50":[0,0],"51":[0,6]},"_coverageSchema":"1a1c01bbd47fc00a2c39e90264f33305004495a9","hash":"2a8cd4920aaceaa79662c687e480b2a470b0924c"}
,"C:\\Users\\User\\Desktop\\Chainhive\\middleware\\errorHandler.js": {"path":"C:\\Users\\User\\Desktop\\Chainhive\\middleware\\errorHandler.js","statementMap":{"0":{"start":{"line":5,"column":8},"end":{"line":5,"column":23}},"1":{"start":{"line":6,"column":8},"end":{"line":6,"column":37}},"2":{"start":{"line":7,"column":8},"end":{"line":7,"column":25}},"3":{"start":{"line":8,"column":8},"end":{"line":8,"column":31}},"4":{"start":{"line":9,"column":8},"end":{"line":9,"column":34}},"5":{"start":{"line":13,"column":8},"end":{"line":20,"column":10}},"6":{"start":{"line":26,"column":8},"end":{"line":26,"column":48}},"7":{"start":{"line":27,"column":8},"end":{"line":27,"column":38}},"8":{"start":{"line":28,"column":8},"end":{"line":28,"column":31}},"9":{"start":{"line":29,"column":8},"end":{"line":29,"column":34}},"10":{"start":{"line":35,"column":8},"end":{"line":35,"column":57}},"11":{"start":{"line":41,"column":8},"end":{"line":41,"column":65}},"12":{"start":{"line":47,"column":8},"end":{"line":47,"column":53}},"13":{"start":{"line":54,"column":26},"end":{"line":54,"column":77}},"14":{"start":{"line":57,"column":4},"end":{"line":66,"column":7}},"15":{"start":{"line":69,"column":25},"end":{"line":73,"column":5}},"16":{"start":{"line":76,"column":4},"end":{"line":96,"column":5}},"17":{"start":{"line":77,"column":30},"end":{"line":80,"column":9}},"18":{"start":{"line":83,"column":8},"end":{"line":85,"column":9}},"19":{"start":{"line":84,"column":12},"end":{"line":84,"column":46}},"20":{"start":{"line":88,"column":8},"end":{"line":90,"column":9}},"21":{"start":{"line":89,"column":12},"end":{"line":89,"column":50}},"22":{"start":{"line":92,"column":8},"end":{"line":95,"column":11}},"23":{"start":{"line":99,"column":4},"end":{"line":108,"column":5}},"24":{"start":{"line":100,"column":8},"end":{"line":107,"column":11}},"25":{"start":{"line":111,"column":26},"end":{"line":114,"column":5}},"26":{"start":{"line":117,"column":4},"end":{"line":122,"column":5}},"27":{"start":{"line":118,"column":8},"end":{"line":121,"column":10}},"28":{"start":{"line":124,"column":4},"end":{"line":127,"column":7}},"29":{"start":{"line":132,"column":4},"end":{"line":138,"column":6}},"30":{"start":{"line":133,"column":8},"end":{"line":137,"column":9}},"31":{"start":{"line":134,"column":12},"end":{"line":134,"column":71}},"32":{"start":{"line":136,"column":12},"end":{"line":136,"column":24}},"33":{"start":{"line":141,"column":0},"end":{"line":149,"column":2}}},"fnMap":{"0":{"name":"(anonymous_0)","decl":{"start":{"line":4,"column":4},"end":{"line":4,"column":5}},"loc":{"start":{"line":4,"column":89},"end":{"line":10,"column":5}},"line":4},"1":{"name":"(anonymous_1)","decl":{"start":{"line":12,"column":4},"end":{"line":12,"column":5}},"loc":{"start":{"line":12,"column":13},"end":{"line":21,"column":5}},"line":12},"2":{"name":"(anonymous_2)","decl":{"start":{"line":25,"column":4},"end":{"line":25,"column":5}},"loc":{"start":{"line":25,"column":41},"end":{"line":30,"column":5}},"line":25},"3":{"name":"(anonymous_3)","decl":{"start":{"line":34,"column":4},"end":{"line":34,"column":5}},"loc":{"start":{"line":34,"column":39},"end":{"line":36,"column":5}},"line":34},"4":{"name":"(anonymous_4)","decl":{"start":{"line":40,"column":4},"end":{"line":40,"column":5}},"loc":{"start":{"line":40,"column":18},"end":{"line":42,"column":5}},"line":40},"5":{"name":"(anonymous_5)","decl":{"start":{"line":46,"column":4},"end":{"line":46,"column":5}},"loc":{"start":{"line":46,"column":51},"end":{"line":48,"column":5}},"line":46},"6":{"name":"errorHandler","decl":{"start":{"line":52,"column":9},"end":{"line":52,"column":21}},"loc":{"start":{"line":52,"column":45},"end":{"line":128,"column":1}},"line":52},"7":{"name":"asyncHandler","decl":{"start":{"line":131,"column":9},"end":{"line":131,"column":21}},"loc":{"start":{"line":131,"column":26},"end":{"line":139,"column":1}},"line":131},"8":{"name":"(anonymous_8)","decl":{"start":{"line":132,"column":11},"end":{"line":132,"column":12}},"loc":{"start":{"line":132,"column":36},"end":{"line":138,"column":5}},"line":132}},"branchMap":{"0":{"loc":{"start":{"line":4,"column":16},"end":{"line":4,"column":49}},"type":"default-arg","locations":[{"start":{"line":4,"column":26},"end":{"line":4,"column":49}}],"line":4},"1":{"loc":{"start":{"line":4,"column":51},"end":{"line":4,"column":67}},"type":"default-arg","locations":[{"start":{"line":4,"column":64},"end":{"line":4,"column":67}}],"line":4},"2":{"loc":{"start":{"line":4,"column":69},"end":{"line":4,"column":87}},"type":"default-arg","locations":[{"start":{"line":4,"column":76},"end":{"line":4,"column":87}}],"line":4},"3":{"loc":{"start":{"line":19,"column":16},"end":{"line":19,"column":57}},"type":"binary-expr","locations":[{"start":{"line":19,"column":16},"end":{"line":19,"column":28}},{"start":{"line":19,"column":32},"end":{"line":19,"column":57}}],"line":19},"4":{"loc":{"start":{"line":25,"column":25},"end":{"line":25,"column":39}},"type":"default-arg","locations":[{"start":{"line":25,"column":35},"end":{"line":25,"column":39}}],"line":25},"5":{"loc":{"start":{"line":34,"column":16},"end":{"line":34,"column":37}},"type":"default-arg","locations":[{"start":{"line":34,"column":27},"end":{"line":34,"column":37}}],"line":34},"6":{"loc":{"start":{"line":46,"column":16},"end":{"line":46,"column":49}},"type":"default-arg","locations":[{"start":{"line":46,"column":26},"end":{"line":46,"column":49}}],"line":46},"7":{"loc":{"start":{"line":54,"column":26},"end":{"line":54,"column":77}},"type":"binary-expr","locations":[{"start":{"line":54,"column":26},"end":{"line":54,"column":43}},{"start":{"line":54,"column":47},"end":{"line":54,"column":77}}],"line":54},"8":{"loc":{"start":{"line":76,"column":4},"end":{"line":96,"column":5}},"type":"if","locations":[{"start":{"line":76,"column":4},"end":{"line":96,"column":5}},{"start":{},"end":{}}],"line":76},"9":{"loc":{"start":{"line":83,"column":8},"end":{"line":85,"column":9}},"type":"if","locations":[{"start":{"line":83,"column":8},"end":{"line":85,"column":9}},{"start":{},"end":{}}],"line":83},"10":{"loc":{"start":{"line":83,"column":12},"end":{"line":83,"column":59}},"type":"binary-expr","locations":[{"start":{"line":83,"column":12},"end":{"line":83,"column":44}},{"start":{"line":83,"column":48},"end":{"line":83,"column":59}}],"line":83},"11":{"loc":{"start":{"line":88,"column":8},"end":{"line":90,"column":9}},"type":"if","locations":[{"start":{"line":88,"column":8},"end":{"line":90,"column":9}},{"start":{},"end":{}}],"line":88},"12":{"loc":{"start":{"line":99,"column":4},"end":{"line":108,"column":5}},"type":"if","locations":[{"start":{"line":99,"column":4},"end":{"line":108,"column":5}},{"start":{},"end":{}}],"line":99},"13":{"loc":{"start":{"line":99,"column":8},"end":{"line":99,"column":88}},"type":"binary-expr","locations":[{"start":{"line":99,"column":8},"end":{"line":99,"column":40}},{"start":{"line":99,"column":44},"end":{"line":99,"column":88}}],"line":99},"14":{"loc":{"start":{"line":105,"column":25},"end":{"line":105,"column":44}},"type":"binary-expr","locations":[{"start":{"line":105,"column":25},"end":{"line":105,"column":38}},{"start":{"line":105,"column":42},"end":{"line":105,"column":44}}],"line":105},"15":{"loc":{"start":{"line":117,"column":4},"end":{"line":122,"column":5}},"type":"if","locations":[{"start":{"line":117,"column":4},"end":{"line":122,"column":5}},{"start":{},"end":{}}],"line":117}},"s":{"0":14,"1":14,"2":14,"3":14,"4":14,"5":2,"6":4,"7":4,"8":4,"9":4,"10":1,"11":2,"12":1,"13":6,"14":6,"15":6,"16":6,"17":4,"18":4,"19":0,"20":4,"21":1,"22":4,"23":2,"24":0,"25":2,"26":2,"27":1,"28":2,"29":4,"30":4,"31":4,"32":1,"33":3},"f":{"0":14,"1":2,"2":4,"3":1,"4":2,"5":1,"6":6,"7":4,"8":4},"b":{"0":[1],"1":[3],"2":[3],"3":[2,1],"4":[1],"5":[1],"6":[1],"7":[6,5],"8":[4,2],"9":[0,4],"10":[4,1],"11":[1,3],"12":[0,2],"13":[2,2],"14":[0,0],"15":[1,1]},"_coverageSchema":"1a1c01bbd47fc00a2c39e90264f33305004495a9","hash":"cf689d7f280e71aabd6d73989f2f577d46a81be7"}
,"C:\\Users\\User\\Desktop\\Chainhive\\middleware\\security.js": {"path":"C:\\Users\\User\\Desktop\\Chainhive\\middleware\\security.js","statementMap":{"0":{"start":{"line":2,"column":27},"end":{"line":2,"column":52}},"1":{"start":{"line":3,"column":19},"end":{"line":3,"column":45}},"2":{"start":{"line":8,"column":8},"end":{"line":8,"column":50}},"3":{"start":{"line":9,"column":8},"end":{"line":9,"column":54}},"4":{"start":{"line":10,"column":8},"end":{"line":10,"column":34}},"5":{"start":{"line":11,"column":8},"end":{"line":11,"column":78}},"6":{"start":{"line":12,"column":8},"end":{"line":12,"column":70}},"7":{"start":{"line":15,"column":8},"end":{"line":17,"column":9}},"8":{"start":{"line":16,"column":12},"end":{"line":16,"column":84}},"9":{"start":{"line":16,"column":53},"end":{"line":16,"column":67}},"10":{"start":{"line":21,"column":8},"end":{"line":21,"column":67}},"11":{"start":{"line":25,"column":20},"end":{"line":25,"column":36}},"12":{"start":{"line":26,"column":20},"end":{"line":26,"column":30}},"13":{"start":{"line":27,"column":29},"end":{"line":27,"column":57}},"14":{"start":{"line":30,"column":30},"end":{"line":30,"column":85}},"15":{"start":{"line":30,"column":58},"end":{"line":30,"column":84}},"16":{"start":{"line":32,"column":8},"end":{"line":40,"column":9}},"17":{"start":{"line":33,"column":12},"end":{"line":38,"column":15}},"18":{"start":{"line":39,"column":12},"end":{"line":39,"column":25}},"19":{"start":{"line":42,"column":8},"end":{"line":42,"column":32}},"20":{"start":{"line":43,"column":8},"end":{"line":43,"column":46}},"21":{"start":{"line":44,"column":8},"end":{"line":44,"column":20}},"22":{"start":{"line":48,"column":20},"end":{"line":48,"column":30}},"23":{"start":{"line":49,"column":8},"end":{"line":56,"column":9}},"24":{"start":{"line":50,"column":34},"end":{"line":50,"column":85}},"25":{"start":{"line":50,"column":58},"end":{"line":50,"column":84}},"26":{"start":{"line":51,"column":12},"end":{"line":55,"column":13}},"27":{"start":{"line":52,"column":16},"end":{"line":52,"column":42}},"28":{"start":{"line":54,"column":16},"end":{"line":54,"column":54}},"29":{"start":{"line":60,"column":8},"end":{"line":63,"column":9}},"30":{"start":{"line":61,"column":12},"end":{"line":61,"column":48}},"31":{"start":{"line":62,"column":12},"end":{"line":62,"column":40}},"32":{"start":{"line":64,"column":8},"end":{"line":64,"column":30}},"33":{"start":{"line":68,"column":8},"end":{"line":86,"column":10}},"34":{"start":{"line":69,"column":12},"end":{"line":75,"column":13}},"35":{"start":{"line":70,"column":34},"end":{"line":70,"column":70}},"36":{"start":{"line":71,"column":16},"end":{"line":71,"column":69}},"37":{"start":{"line":72,"column":16},"end":{"line":72,"column":58}},"38":{"start":{"line":73,"column":16},"end":{"line":73,"column":76}},"39":{"start":{"line":74,"column":16},"end":{"line":74,"column":50}},"40":{"start":{"line":77,"column":24},"end":{"line":77,"column":40}},"41":{"start":{"line":78,"column":33},"end":{"line":78,"column":61}},"42":{"start":{"line":79,"column":30},"end":{"line":79,"column":81}},"43":{"start":{"line":81,"column":12},"end":{"line":81,"column":65}},"44":{"start":{"line":82,"column":12},"end":{"line":82,"column":62}},"45":{"start":{"line":83,"column":12},"end":{"line":83,"column":99}},"46":{"start":{"line":85,"column":12},"end":{"line":85,"column":19}},"47":{"start":{"line":93,"column":4},"end":{"line":93,"column":45}},"48":{"start":{"line":96,"column":4},"end":{"line":96,"column":55}},"49":{"start":{"line":99,"column":4},"end":{"line":99,"column":55}},"50":{"start":{"line":102,"column":4},"end":{"line":102,"column":72}},"51":{"start":{"line":105,"column":16},"end":{"line":115,"column":16}},"52":{"start":{"line":116,"column":4},"end":{"line":116,"column":50}},"53":{"start":{"line":119,"column":4},"end":{"line":121,"column":5}},"54":{"start":{"line":120,"column":8},"end":{"line":120,"column":99}},"55":{"start":{"line":124,"column":4},"end":{"line":126,"column":5}},"56":{"start":{"line":125,"column":8},"end":{"line":125,"column":41}},"57":{"start":{"line":128,"column":4},"end":{"line":128,"column":11}},"58":{"start":{"line":133,"column":27},"end":{"line":138,"column":21}},"59":{"start":{"line":140,"column":19},"end":{"line":140,"column":37}},"60":{"start":{"line":142,"column":4},"end":{"line":144,"column":5}},"61":{"start":{"line":143,"column":8},"end":{"line":143,"column":68}},"62":{"start":{"line":146,"column":4},"end":{"line":146,"column":85}},"63":{"start":{"line":147,"column":4},"end":{"line":153,"column":18}},"64":{"start":{"line":154,"column":4},"end":{"line":154,"column":62}},"65":{"start":{"line":155,"column":4},"end":{"line":155,"column":53}},"66":{"start":{"line":158,"column":4},"end":{"line":161,"column":5}},"67":{"start":{"line":159,"column":8},"end":{"line":159,"column":30}},"68":{"start":{"line":160,"column":8},"end":{"line":160,"column":15}},"69":{"start":{"line":163,"column":4},"end":{"line":163,"column":11}},"70":{"start":{"line":169,"column":4},"end":{"line":171,"column":5}},"71":{"start":{"line":170,"column":8},"end":{"line":170,"column":25}},"72":{"start":{"line":174,"column":4},"end":{"line":174,"column":43}},"73":{"start":{"line":175,"column":4},"end":{"line":175,"column":42}},"74":{"start":{"line":178,"column":4},"end":{"line":180,"column":5}},"75":{"start":{"line":179,"column":8},"end":{"line":179,"column":91}},"76":{"start":{"line":183,"column":4},"end":{"line":190,"column":7}},"77":{"start":{"line":184,"column":8},"end":{"line":189,"column":9}},"78":{"start":{"line":186,"column":12},"end":{"line":188,"column":41}},"79":{"start":{"line":192,"column":4},"end":{"line":192,"column":11}},"80":{"start":{"line":197,"column":19},"end":{"line":197,"column":63}},"81":{"start":{"line":198,"column":25},"end":{"line":198,"column":86}},"82":{"start":{"line":201,"column":4},"end":{"line":203,"column":5}},"83":{"start":{"line":202,"column":8},"end":{"line":202,"column":22}},"84":{"start":{"line":205,"column":4},"end":{"line":219,"column":5}},"85":{"start":{"line":206,"column":8},"end":{"line":210,"column":11}},"86":{"start":{"line":212,"column":8},"end":{"line":218,"column":11}},"87":{"start":{"line":221,"column":4},"end":{"line":221,"column":11}},"88":{"start":{"line":226,"column":21},"end":{"line":228,"column":17}},"89":{"start":{"line":230,"column":4},"end":{"line":244,"column":6}},"90":{"start":{"line":231,"column":30},"end":{"line":231,"column":76}},"91":{"start":{"line":233,"column":8},"end":{"line":241,"column":9}},"92":{"start":{"line":234,"column":12},"end":{"line":240,"column":15}},"93":{"start":{"line":243,"column":8},"end":{"line":243,"column":15}},"94":{"start":{"line":248,"column":18},"end":{"line":253,"column":5}},"95":{"start":{"line":255,"column":18},"end":{"line":255,"column":79}},"96":{"start":{"line":256,"column":4},"end":{"line":256,"column":25}},"97":{"start":{"line":256,"column":16},"end":{"line":256,"column":25}},"98":{"start":{"line":258,"column":18},"end":{"line":258,"column":38}},"99":{"start":{"line":259,"column":17},"end":{"line":259,"column":32}},"100":{"start":{"line":261,"column":4},"end":{"line":261,"column":43}},"101":{"start":{"line":265,"column":25},"end":{"line":268,"column":2}},"102":{"start":{"line":270,"column":24},"end":{"line":273,"column":2}},"103":{"start":{"line":275,"column":0},"end":{"line":284,"column":2}}},"fnMap":{"0":{"name":"(anonymous_0)","decl":{"start":{"line":7,"column":4},"end":{"line":7,"column":5}},"loc":{"start":{"line":7,"column":30},"end":{"line":18,"column":5}},"line":7},"1":{"name":"(anonymous_1)","decl":{"start":{"line":16,"column":47},"end":{"line":16,"column":48}},"loc":{"start":{"line":16,"column":53},"end":{"line":16,"column":67}},"line":16},"2":{"name":"(anonymous_2)","decl":{"start":{"line":20,"column":4},"end":{"line":20,"column":5}},"loc":{"start":{"line":20,"column":16},"end":{"line":22,"column":5}},"line":20},"3":{"name":"(anonymous_3)","decl":{"start":{"line":24,"column":4},"end":{"line":24,"column":5}},"loc":{"start":{"line":24,"column":19},"end":{"line":45,"column":5}},"line":24},"4":{"name":"(anonymous_4)","decl":{"start":{"line":30,"column":50},"end":{"line":30,"column":51}},"loc":{"start":{"line":30,"column":58},"end":{"line":30,"column":84}},"line":30},"5":{"name":"(anonymous_5)","decl":{"start":{"line":47,"column":4},"end":{"line":47,"column":5}},"loc":{"start":{"line":47,"column":14},"end":{"line":57,"column":5}},"line":47},"6":{"name":"(anonymous_6)","decl":{"start":{"line":50,"column":50},"end":{"line":50,"column":51}},"loc":{"start":{"line":50,"column":58},"end":{"line":50,"column":84}},"line":50},"7":{"name":"(anonymous_7)","decl":{"start":{"line":59,"column":4},"end":{"line":59,"column":5}},"loc":{"start":{"line":59,"column":14},"end":{"line":65,"column":5}},"line":59},"8":{"name":"(anonymous_8)","decl":{"start":{"line":67,"column":4},"end":{"line":67,"column":5}},"loc":{"start":{"line":67,"column":17},"end":{"line":87,"column":5}},"line":67},"9":{"name":"(anonymous_9)","decl":{"start":{"line":68,"column":15},"end":{"line":68,"column":16}},"loc":{"start":{"line":68,"column":35},"end":{"line":86,"column":9}},"line":68},"10":{"name":"securityHeaders","decl":{"start":{"line":91,"column":9},"end":{"line":91,"column":24}},"loc":{"start":{"line":91,"column":41},"end":{"line":129,"column":1}},"line":91},"11":{"name":"corsMiddleware","decl":{"start":{"line":132,"column":9},"end":{"line":132,"column":23}},"loc":{"start":{"line":132,"column":40},"end":{"line":164,"column":1}},"line":132},"12":{"name":"sanitizeHeaders","decl":{"start":{"line":167,"column":9},"end":{"line":167,"column":24}},"loc":{"start":{"line":167,"column":41},"end":{"line":193,"column":1}},"line":167},"13":{"name":"(anonymous_13)","decl":{"start":{"line":183,"column":37},"end":{"line":183,"column":38}},"loc":{"start":{"line":183,"column":44},"end":{"line":190,"column":5}},"line":183},"14":{"name":"validateApiKey","decl":{"start":{"line":196,"column":9},"end":{"line":196,"column":23}},"loc":{"start":{"line":196,"column":40},"end":{"line":222,"column":1}},"line":196},"15":{"name":"requestSizeLimit","decl":{"start":{"line":225,"column":9},"end":{"line":225,"column":25}},"loc":{"start":{"line":225,"column":44},"end":{"line":245,"column":1}},"line":225},"16":{"name":"(anonymous_16)","decl":{"start":{"line":230,"column":11},"end":{"line":230,"column":12}},"loc":{"start":{"line":230,"column":31},"end":{"line":244,"column":5}},"line":230},"17":{"name":"parseSize","decl":{"start":{"line":247,"column":9},"end":{"line":247,"column":18}},"loc":{"start":{"line":247,"column":25},"end":{"line":262,"column":1}},"line":247}},"branchMap":{"0":{"loc":{"start":{"line":7,"column":16},"end":{"line":7,"column":28}},"type":"default-arg","locations":[{"start":{"line":7,"column":26},"end":{"line":7,"column":28}}],"line":7},"1":{"loc":{"start":{"line":8,"column":24},"end":{"line":8,"column":49}},"type":"binary-expr","locations":[{"start":{"line":8,"column":24},"end":{"line":8,"column":40}},{"start":{"line":8,"column":44},"end":{"line":8,"column":49}}],"line":8},"2":{"loc":{"start":{"line":9,"column":27},"end":{"line":9,"column":53}},"type":"binary-expr","locations":[{"start":{"line":9,"column":27},"end":{"line":9,"column":46}},{"start":{"line":9,"column":50},"end":{"line":9,"column":53}}],"line":9},"3":{"loc":{"start":{"line":11,"column":38},"end":{"line":11,"column":77}},"type":"binary-expr","locations":[{"start":{"line":11,"column":38},"end":{"line":11,"column":68}},{"start":{"line":11,"column":72},"end":{"line":11,"column":77}}],"line":11},"4":{"loc":{"start":{"line":12,"column":34},"end":{"line":12,"column":69}},"type":"binary-expr","locations":[{"start":{"line":12,"column":34},"end":{"line":12,"column":60}},{"start":{"line":12,"column":64},"end":{"line":12,"column":69}}],"line":12},"5":{"loc":{"start":{"line":15,"column":8},"end":{"line":17,"column":9}},"type":"if","locations":[{"start":{"line":15,"column":8},"end":{"line":17,"column":9}},{"start":{},"end":{}}],"line":15},"6":{"loc":{"start":{"line":21,"column":15},"end":{"line":21,"column":66}},"type":"binary-expr","locations":[{"start":{"line":21,"column":15},"end":{"line":21,"column":21}},{"start":{"line":21,"column":25},"end":{"line":21,"column":53}},{"start":{"line":21,"column":57},"end":{"line":21,"column":66}}],"line":21},"7":{"loc":{"start":{"line":27,"column":29},"end":{"line":27,"column":57}},"type":"binary-expr","locations":[{"start":{"line":27,"column":29},"end":{"line":27,"column":51}},{"start":{"line":27,"column":55},"end":{"line":27,"column":57}}],"line":27},"8":{"loc":{"start":{"line":32,"column":8},"end":{"line":40,"column":9}},"type":"if","locations":[{"start":{"line":32,"column":8},"end":{"line":40,"column":9}},{"start":{},"end":{}}],"line":32},"9":{"loc":{"start":{"line":51,"column":12},"end":{"line":55,"column":13}},"type":"if","locations":[{"start":{"line":51,"column":12},"end":{"line":55,"column":13}},{"start":{"line":53,"column":19},"end":{"line":55,"column":13}}],"line":51},"10":{"loc":{"start":{"line":60,"column":8},"end":{"line":63,"column":9}},"type":"if","locations":[{"start":{"line":60,"column":8},"end":{"line":63,"column":9}},{"start":{},"end":{}}],"line":60},"11":{"loc":{"start":{"line":69,"column":12},"end":{"line":75,"column":13}},"type":"if","locations":[{"start":{"line":69,"column":12},"end":{"line":75,"column":13}},{"start":{},"end":{}}],"line":69},"12":{"loc":{"start":{"line":78,"column":33},"end":{"line":78,"column":61}},"type":"binary-expr","locations":[{"start":{"line":78,"column":33},"end":{"line":78,"column":55}},{"start":{"line":78,"column":59},"end":{"line":78,"column":61}}],"line":78},"13":{"loc":{"start":{"line":119,"column":4},"end":{"line":121,"column":5}},"type":"if","locations":[{"start":{"line":119,"column":4},"end":{"line":121,"column":5}},{"start":{},"end":{}}],"line":119},"14":{"loc":{"start":{"line":119,"column":8},"end":{"line":119,"column":59}},"type":"binary-expr","locations":[{"start":{"line":119,"column":8},"end":{"line":119,"column":45}},{"start":{"line":119,"column":49},"end":{"line":119,"column":59}}],"line":119},"15":{"loc":{"start":{"line":124,"column":4},"end":{"line":126,"column":5}},"type":"if","locations":[{"start":{"line":124,"column":4},"end":{"line":126,"column":5}},{"start":{},"end":{}}],"line":124},"16":{"loc":{"start":{"line":142,"column":4},"end":{"line":144,"column":5}},"type":"if","locations":[{"start":{"line":142,"column":4},"end":{"line":144,"column":5}},{"start":{},"end":{}}],"line":142},"17":{"loc":{"start":{"line":142,"column":8},"end":{"line":142,"column":81}},"type":"binary-expr","locations":[{"start":{"line":142,"column":8},"end":{"line":142,"column":39}},{"start":{"line":142,"column":43},"end":{"line":142,"column":81}}],"line":142},"18":{"loc":{"start":{"line":143,"column":53},"end":{"line":143,"column":66}},"type":"binary-expr","locations":[{"start":{"line":143,"column":53},"end":{"line":143,"column":59}},{"start":{"line":143,"column":63},"end":{"line":143,"column":66}}],"line":143},"19":{"loc":{"start":{"line":158,"column":4},"end":{"line":161,"column":5}},"type":"if","locations":[{"start":{"line":158,"column":4},"end":{"line":161,"column":5}},{"start":{},"end":{}}],"line":158},"20":{"loc":{"start":{"line":169,"column":4},"end":{"line":171,"column":5}},"type":"if","locations":[{"start":{"line":169,"column":4},"end":{"line":171,"column":5}},{"start":{},"end":{}}],"line":169},"21":{"loc":{"start":{"line":178,"column":4},"end":{"line":180,"column":5}},"type":"if","locations":[{"start":{"line":178,"column":4},"end":{"line":180,"column":5}},{"start":{},"end":{}}],"line":178},"22":{"loc":{"start":{"line":184,"column":8},"end":{"line":189,"column":9}},"type":"if","locations":[{"start":{"line":184,"column":8},"end":{"line":189,"column":9}},{"start":{},"end":{}}],"line":184},"23":{"loc":{"start":{"line":197,"column":19},"end":{"line":197,"column":63}},"type":"binary-expr","locations":[{"start":{"line":197,"column":19},"end":{"line":197,"column":43}},{"start":{"line":197,"column":47},"end":{"line":197,"column":63}}],"line":197},"24":{"loc":{"start":{"line":198,"column":26},"end":{"line":198,"column":58}},"type":"binary-expr","locations":[{"start":{"line":198,"column":26},"end":{"line":198,"column":52}},{"start":{"line":198,"column":56},"end":{"line":198,"column":58}}],"line":198},"25":{"loc":{"start":{"line":201,"column":4},"end":{"line":203,"column":5}},"type":"if","locations":[{"start":{"line":201,"column":4},"end":{"line":203,"column":5}},{"start":{},"end":{}}],"line":201},"26":{"loc":{"start":{"line":201,"column":8},"end":{"line":201,"column":75}},"type":"binary-expr","locations":[{"start":{"line":201,"column":8},"end":{"line":201,"column":46}},{"start":{"line":201,"column":50},"end":{"line":201,"column":75}}],"line":201},"27":{"loc":{"start":{"line":205,"column":4},"end":{"line":219,"column":5}},"type":"if","locations":[{"start":{"line":205,"column":4},"end":{"line":219,"column":5}},{"start":{},"end":{}}],"line":205},"28":{"loc":{"start":{"line":205,"column":8},"end":{"line":205,"column":49}},"type":"binary-expr","locations":[{"start":{"line":205,"column":8},"end":{"line":205,"column":15}},{"start":{"line":205,"column":19},"end":{"line":205,"column":49}}],"line":205},"29":{"loc":{"start":{"line":209,"column":25},"end":{"line":209,"column":69}},"type":"cond-expr","locat
[...]
194,"column":19},"end":{"line":198,"column":13}},"type":"if","locations":[{"start":{"line":194,"column":19},"end":{"line":198,"column":13}},{"start":{"line":196,"column":19},"end":{"line":198,"column":13}}],"line":194},"18":{"loc":{"start":{"line":225,"column":12},"end":{"line":229,"column":13}},"type":"if","locations":[{"start":{"line":225,"column":12},"end":{"line":229,"column":13}},{"start":{"line":227,"column":19},"end":{"line":229,"column":13}}],"line":225},"19":{"loc":{"start":{"line":232,"column":8},"end":{"line":234,"column":9}},"type":"if","locations":[{"start":{"line":232,"column":8},"end":{"line":234,"column":9}},{"start":{},"end":{}}],"line":232},"20":{"loc":{"start":{"line":247,"column":20},"end":{"line":247,"column":37}},"type":"default-arg","locations":[{"start":{"line":247,"column":33},"end":{"line":247,"column":37}}],"line":247},"21":{"loc":{"start":{"line":248,"column":8},"end":{"line":251,"column":9}},"type":"if","locations":[{"start":{"line":248,"column":8},"end":{"line":251,"column":9}},{"start":{},"end":{}}],"line":248},"22":{"loc":{"start":{"line":253,"column":25},"end":{"line":253,"column":87}},"type":"binary-expr","locations":[{"start":{"line":253,"column":25},"end":{"line":253,"column":35}},{"start":{"line":253,"column":39},"end":{"line":253,"column":87}}],"line":253},"23":{"loc":{"start":{"line":259,"column":16},"end":{"line":267,"column":17}},"type":"if","locations":[{"start":{"line":259,"column":16},"end":{"line":267,"column":17}},{"start":{"line":263,"column":23},"end":{"line":267,"column":17}}],"line":259},"24":{"loc":{"start":{"line":261,"column":65},"end":{"line":261,"column":103}},"type":"binary-expr","locations":[{"start":{"line":261,"column":65},"end":{"line":261,"column":89}},{"start":{"line":261,"column":93},"end":{"line":261,"column":103}}],"line":261},"25":{"loc":{"start":{"line":263,"column":23},"end":{"line":267,"column":17}},"type":"if","locations":[{"start":{"line":263,"column":23},"end":{"line":267,"column":17}},{"start":{},"end":{}}],"line":263},"26":{"loc":{"start":{"line":278,"column":8},"end":{"line":281,"column":9}},"type":"if","locations":[{"start":{"line":278,"column":8},"end":{"line":281,"column":9}},{"start":{},"end":{}}],"line":278},"27":{"loc":{"start":{"line":301,"column":16},"end":{"line":318,"column":17}},"type":"if","locations":[{"start":{"line":301,"column":16},"end":{"line":318,"column":17}},{"start":{"line":306,"column":23},"end":{"line":318,"column":17}}],"line":301},"28":{"loc":{"start":{"line":303,"column":31},"end":{"line":304,"column":70}},"type":"cond-expr","locations":[{"start":{"line":303,"column":61},"end":{"line":303,"column":64}},{"start":{"line":304,"column":30},"end":{"line":304,"column":70}}],"line":303},"29":{"loc":{"start":{"line":304,"column":30},"end":{"line":304,"column":70}},"type":"cond-expr","locations":[{"start":{"line":304,"column":61},"end":{"line":304,"column":64}},{"start":{"line":304,"column":67},"end":{"line":304,"column":70}}],"line":304},"30":{"loc":{"start":{"line":309,"column":67},"end":{"line":309,"column":105}},"type":"binary-expr","locations":[{"start":{"line":309,"column":67},"end":{"line":309,"column":91}},{"start":{"line":309,"column":95},"end":{"line":309,"column":105}}],"line":309},"31":{"loc":{"start":{"line":312,"column":32},"end":{"line":312,"column":75}},"type":"cond-expr","locations":[{"start":{"line":312,"column":53},"end":{"line":312,"column":63}},{"start":{"line":312,"column":66},"end":{"line":312,"column":75}}],"line":312},"32":{"loc":{"start":{"line":317,"column":31},"end":{"line":317,"column":70}},"type":"cond-expr","locations":[{"start":{"line":317,"column":61},"end":{"line":317,"column":64}},{"start":{"line":317,"column":67},"end":{"line":317,"column":70}}],"line":317},"33":{"loc":{"start":{"line":365,"column":0},"end":{"line":367,"column":1}},"type":"if","locations":[{"start":{"line":365,"column":0},"end":{"line":367,"column":1}},{"start":{},"end":{}}],"line":365}},"s":{"0":0,"1":0,"2":0,"3":0,"4":0,"5":0,"6":0,"7":0,"8":0,"9":0,"10":0,"11":0,"12":0,"13":0,"14":0,"15":0,"16":0,"17":0,"18":0,"19":0,"20":0,"21":0,"22":0,"23":0,"24":0,"25":0,"26":0,"27":0,"28":0,"29":0,"30":0,"31":0,"32":0,"33":0,"34":0,"35":0,"36":0,"37":0,"38":0,"39":0,"40":0,"41":0,"42":0,"43":0,"44":0,"45":0,"46":0,"47":0,"48":0,"49":0,"50":0,"51":0,"52":0,"53":0,"54":0,"55":0,"56":0,"57":0,"58":0,"59":0,"60":0,"61":0,"62":0,"63":0,"64":0,"65":0,"66":0,"67":0,"68":0,"69":0,"70":0,"71":0,"72":0,"73":0,"74":0,"75":0,"76":0,"77":0,"78":0,"79":0,"80":0,"81":0,"82":0,"83":0,"84":0,"85":0,"86":0,"87":0,"88":0,"89":0,"90":0,"91":0,"92":0,"93":0,"94":0,"95":0,"96":0,"97":0,"98":0,"99":0,"100":0,"101":0,"102":0,"103":0,"104":0,"105":0,"106":0,"107":0,"108":0,"109":0,"110":0,"111":0,"112":0,"113":0,"114":0,"115":0,"116":0,"117":0,"118":0,"119":0,"120":0,"121":0,"122":0,"123":0,"124":0,"125":0,"126":0,"127":0,"128":0,"129":0,"130":0,"131":0,"132":0,"133":0,"134":0,"135":0,"136":0,"137":0,"138":0},"f":{"0":0,"1":0,"2":0,"3":0,"4":0,"5":0,"6":0,"7":0,"8":0,"9":0,"10":0,"11":0,"12":0,"13":0,"14":0,"15":0,"16":0,"17":0,"18":0,"19":0,"20":0,"21":0,"22":0,"23":0,"24":0,"25":0,"26":0,"27":0},"b":{"0":[0],"1":[0,0],"2":[0,0],"3":[0,0],"4":[0,0],"5":[0,0],"6":[0,0],"7":[0,0],"8":[0,0],"9":[0,0],"10":[0,0],"11":[0,0],"12":[0,0],"13":[0,0],"14":[0,0],"15":[0,0],"16":[0,0],"17":[0,0],"18":[0,0],"19":[0,0],"20":[0],"21":[0,0],"22":[0,0],"23":[0,0],"24":[0,0],"25":[0,0],"26":[0,0],"27":[0,0],"28":[0,0],"29":[0,0],"30":[0,0],"31":[0,0],"32":[0,0],"33":[0,0]}}
,"C:\\Users\\User\\Desktop\\Chainhive\\utils\\logger.js": {"path":"C:\\Users\\User\\Desktop\\Chainhive\\utils\\logger.js","statementMap":{"0":{"start":{"line":2,"column":15},"end":{"line":2,"column":32}},"1":{"start":{"line":6,"column":8},"end":{"line":6,"column":66}},"2":{"start":{"line":7,"column":8},"end":{"line":7,"column":65}},"3":{"start":{"line":8,"column":8},"end":{"line":8,"column":91}},"4":{"start":{"line":12,"column":23},"end":{"line":18,"column":9}},"5":{"start":{"line":19,"column":8},"end":{"line":19,"column":48}},"6":{"start":{"line":23,"column":23},"end":{"line":29,"column":9}},"7":{"start":{"line":30,"column":8},"end":{"line":30,"column":46}},"8":{"start":{"line":34,"column":26},"end":{"line":34,"column":50}},"9":{"start":{"line":35,"column":30},"end":{"line":35,"column":80}},"10":{"start":{"line":37,"column":25},"end":{"line":45,"column":9}},"11":{"start":{"line":48,"column":8},"end":{"line":48,"column":38}},"12":{"start":{"line":49,"column":8},"end":{"line":49,"column":47}},"13":{"start":{"line":51,"column":8},"end":{"line":53,"column":50}},"14":{"start":{"line":57,"column":70},"end":{"line":57,"column":78}},"15":{"start":{"line":58,"column":21},"end":{"line":58,"column":61}},"16":{"start":{"line":59,"column":24},"end":{"line":59,"column":96}},"17":{"start":{"line":61,"column":8},"end":{"line":61,"column":88}},"18":{"start":{"line":65,"column":8},"end":{"line":65,"column":35}},"19":{"start":{"line":69,"column":8},"end":{"line":71,"column":9}},"20":{"start":{"line":70,"column":12},"end":{"line":70,"column":66}},"21":{"start":{"line":75,"column":8},"end":{"line":77,"column":9}},"22":{"start":{"line":76,"column":12},"end":{"line":76,"column":64}},"23":{"start":{"line":81,"column":8},"end":{"line":83,"column":9}},"24":{"start":{"line":82,"column":12},"end":{"line":82,"column":64}},"25":{"start":{"line":87,"column":8},"end":{"line":89,"column":9}},"26":{"start":{"line":88,"column":12},"end":{"line":88,"column":66}},"27":{"start":{"line":93,"column":8},"end":{"line":95,"column":9}},"28":{"start":{"line":94,"column":12},"end":{"line":94,"column":66}},"29":{"start":{"line":100,"column":30},"end":{"line":100,"column":93}},"30":{"start":{"line":101,"column":8},"end":{"line":101,"column":42}},"31":{"start":{"line":102,"column":8},"end":{"line":102,"column":57}},"32":{"start":{"line":104,"column":26},"end":{"line":104,"column":36}},"33":{"start":{"line":106,"column":8},"end":{"line":113,"column":11}},"34":{"start":{"line":116,"column":29},"end":{"line":116,"column":37}},"35":{"start":{"line":117,"column":8},"end":{"line":131,"column":10}},"36":{"start":{"line":118,"column":29},"end":{"line":118,"column":51}},"37":{"start":{"line":120,"column":12},"end":{"line":128,"column":15}},"38":{"start":{"line":130,"column":12},"end":{"line":130,"column":42}},"39":{"start":{"line":133,"column":8},"end":{"line":133,"column":15}},"40":{"start":{"line":138,"column":8},"end":{"line":142,"column":11}},"41":{"start":{"line":147,"column":8},"end":{"line":152,"column":11}},"42":{"start":{"line":157,"column":8},"end":{"line":164,"column":11}},"43":{"start":{"line":169,"column":8},"end":{"line":175,"column":11}},"44":{"start":{"line":180,"column":15},"end":{"line":180,"column":27}},"45":{"start":{"line":184,"column":4},"end":{"line":196,"column":6}},"46":{"start":{"line":185,"column":26},"end":{"line":185,"column":36}},"47":{"start":{"line":186,"column":8},"end":{"line":195,"column":9}},"48":{"start":{"line":187,"column":27},"end":{"line":187,"column":44}},"49":{"start":{"line":188,"column":29},"end":{"line":188,"column":51}},"50":{"start":{"line":189,"column":12},"end":{"line":189,"column":83}},"51":{"start":{"line":190,"column":12},"end":{"line":190,"column":26}},"52":{"start":{"line":192,"column":29},"end":{"line":192,"column":51}},"53":{"start":{"line":193,"column":12},"end":{"line":193,"column":106}},"54":{"start":{"line":194,"column":12},"end":{"line":194,"column":24}},"55":{"start":{"line":201,"column":4},"end":{"line":201,"column":45}},"56":{"start":{"line":204,"column":0},"end":{"line":209,"column":2}}},"fnMap":{"0":{"name":"(anonymous_0)","decl":{"start":{"line":5,"column":4},"end":{"line":5,"column":5}},"loc":{"start":{"line":5,"column":30},"end":{"line":9,"column":5}},"line":5},"1":{"name":"(anonymous_1)","decl":{"start":{"line":11,"column":4},"end":{"line":11,"column":5}},"loc":{"start":{"line":11,"column":23},"end":{"line":20,"column":5}},"line":11},"2":{"name":"(anonymous_2)","decl":{"start":{"line":22,"column":4},"end":{"line":22,"column":5}},"loc":{"start":{"line":22,"column":21},"end":{"line":31,"column":5}},"line":22},"3":{"name":"(anonymous_3)","decl":{"start":{"line":33,"column":4},"end":{"line":33,"column":5}},"loc":{"start":{"line":33,"column":41},"end":{"line":54,"column":5}},"line":33},"4":{"name":"(anonymous_4)","decl":{"start":{"line":56,"column":4},"end":{"line":56,"column":5}},"loc":{"start":{"line":56,"column":35},"end":{"line":62,"column":5}},"line":56},"5":{"name":"(anonymous_5)","decl":{"start":{"line":64,"column":4},"end":{"line":64,"column":5}},"loc":{"start":{"line":64,"column":28},"end":{"line":66,"column":5}},"line":64},"6":{"name":"(anonymous_6)","decl":{"start":{"line":68,"column":4},"end":{"line":68,"column":5}},"loc":{"start":{"line":68,"column":30},"end":{"line":72,"column":5}},"line":68},"7":{"name":"(anonymous_7)","decl":{"start":{"line":74,"column":4},"end":{"line":74,"column":5}},"loc":{"start":{"line":74,"column":29},"end":{"line":78,"column":5}},"line":74},"8":{"name":"(anonymous_8)","decl":{"start":{"line":80,"column":4},"end":{"line":80,"column":5}},"loc":{"start":{"line":80,"column":29},"end":{"line":84,"column":5}},"line":80},"9":{"name":"(anonymous_9)","decl":{"start":{"line":86,"column":4},"end":{"line":86,"column":5}},"loc":{"start":{"line":86,"column":30},"end":{"line":90,"column":5}},"line":86},"10":{"name":"(anonymous_10)","decl":{"start":{"line":92,"column":4},"end":{"line":92,"column":5}},"loc":{"start":{"line":92,"column":30},"end":{"line":96,"column":5}},"line":92},"11":{"name":"(anonymous_11)","decl":{"start":{"line":99,"column":4},"end":{"line":99,"column":5}},"loc":{"start":{"line":99,"column":31},"end":{"line":134,"column":5}},"line":99},"12":{"name":"(anonymous_12)","decl":{"start":{"line":117,"column":19},"end":{"line":117,"column":20}},"loc":{"start":{"line":117,"column":34},"end":{"line":131,"column":9}},"line":117},"13":{"name":"(anonymous_13)","decl":{"start":{"line":137,"column":4},"end":{"line":137,"column":5}},"loc":{"start":{"line":137,"column":51},"end":{"line":143,"column":5}},"line":137},"14":{"name":"(anonymous_14)","decl":{"start":{"line":146,"column":4},"end":{"line":146,"column":5}},"loc":{"start":{"line":146,"column":64},"end":{"line":153,"column":5}},"line":146},"15":{"name":"(anonymous_15)","decl":{"start":{"line":156,"column":4},"end":{"line":156,"column":5}},"loc":{"start":{"line":156,"column":79},"end":{"line":165,"column":5}},"line":156},"16":{"name":"(anonymous_16)","decl":{"start":{"line":168,"column":4},"end":{"line":168,"column":5}},"loc":{"start":{"line":168,"column":74},"end":{"line":176,"column":5}},"line":168},"17":{"name":"measurePerformance","decl":{"start":{"line":183,"column":9},"end":{"line":183,"column":27}},"loc":{"start":{"line":183,"column":54},"end":{"line":197,"column":1}},"line":183},"18":{"name":"(anonymous_18)","decl":{"start":{"line":184,"column":11},"end":{"line":184,"column":12}},"loc":{"start":{"line":184,"column":30},"end":{"line":196,"column":5}},"line":184},"19":{"name":"correlationMiddleware","decl":{"start":{"line":200,"column":9},"end":{"line":200,"column":30}},"loc":{"start":{"line":200,"column":47},"end":{"line":202,"column":1}},"line":200}},"branchMap":{"0":{"loc":{"start":{"line":5,"column":16},"end":{"line":5,"column":28}},"type":"default-arg","locations":[{"start":{"line":5,"column":26},"end":{"line":5,"column":28}}],"line":5},"1":{"loc":{"start":{"line":6,"column":27},"end":{"line":6,"column":65}},"type":"binary-expr","locations":[{"start":{"line":6,"column":27},"end":{"line":6,"column":46}},{"start":{"line":6,"column":50},"end":{"line":6,"column":65}}],"line":6},"2":{"loc":{"start":{"line":7,"column":27},"end":{"line":7,"column":64}},"type":"binary-expr","locations":[{"start":{"line":7,"column":27},"end":{"line":7,"column":47}},{"start":{"line":7,"column":51},"end":{"line":7,"column":64}}],"line":7},"3":{"loc":{"start":{"line":8,"column":41},"end":{"line":8,"column":89}},"type":"binary-expr","locations":[{"start":{"line":8,"column":41},"end":{"line":8,"column":54}},{"start":{"line":8,"column":58},"end":{"line":8,"column":79}},{"start":{"line":8,"column":83},"end":{"line":8,"column":89}}],"line":8},"4":{"loc":{"start":{"line":19,"column":15},"end":{"line":19,"column":47}},"type":"binary-expr","locations":[{"start":{"line":19,"column":15},"end":{"line":19,"column":42}},{"start":{"line":19,"column":46},"end":{"line":19,"column":47}}],"line":19},"5":{"loc":{"start":{"line":33,"column":30},"end":{"line":33,"column":39}},"type":"default-arg","locations":[{"start":{"line":33,"column":37},"end":{"line":33,"column":39}}],"line":33},"6":{"loc":{"start":{"line":35,"column":30},"end":{"line":35,"column":80}},"type":"binary-expr","locations":[{"start":{"line":35,"column":30},"end":{"line":35,"column":48}},{"start":{"line":35,"column":52},"end":{"line":35,"column":80}}],"line":35},"7":{"loc":{"start":{"line":51,"column":15},"end":{"line":53,"column":49}},"type":"cond-expr","locations":[{"start":{"line":52,"column":14},"end":{"line":52,"column":38}},{"start":{"line":53,"column":14},"end":{"line":53,"column":49}}],"line":51},"8":{"loc":{"start":{"line":59,"column":24},"end":{"line":59,"column":96}},"type":"cond-expr","locations":[{"start":{"line":59,"column":55},"end":{"line":59,"column":91}},{"start":{"line":59,"column":94},"end":{"line":59,"column":96}}],"line":59},"9":{"loc":{"start":{"line":68,"column":19},"end":{"line":68,"column":28}},"type":"default-arg","locations":[{"start":{"line":68,"column":26},"end":{"line":68,"column":28}}],"line":68},"10":{"loc":{"start":{"line":69,"column":8},"end":{"line":71,"column":9}},"type":"if","locations":[{"start":{"line":69,"column":8},"end":{"line":71,"column":9}},{"start":{},"end":{}}],"line":69},"11":{"loc":{"start":{"line":74,"column":18},"end":{"line":74,"column":27}},"type":"default-arg","locations":[{"start":{"line":74,"column":25},"end":{"line":74,"column":27}}],"line":74},"12":{"loc":{"start":{"line":75,"column":8},"end":{"line":77,"column":9}},"type":"if","locations":[{"start":{"line":75,"column":8},"end":{"line":77,"column":9}},{"start":{},"end":{}}],"line":75},"13":{"loc":{"start":{"line":80,"column":18},"end":{"line":80,"column":27}},"type":"default-arg","locations":[{"start":{"line":80,"column":25},"end":{"line":80,"column":27}}],"line":80},"14":{"loc":{"start":{"line":81,"column":8},"end":{"line":83,"column":9}},"type":"if","locations":[{"start":{"line":81,"column":8},"end":{"line":83,"column":9}},{"start":{},"end":{}}],"line":81},"15":{"loc":{"start":{"line":86,"column":19},"end":{"line":86,"column":28}},"type":"default-arg","locations":[{"start":{"line":86,"column":26},"end":{"line":86,"column":28}}],"line":86},"16":{"loc":{"start":{"line":87,"column":8},"end":{"line":89,"column":9}},"type":"if","locations":[{"start":{"line":87,"column":8},"end":{"line":89,"column":9}},{"start":{},"end":{}}],"line":87},"17":{"loc":{"start":{"line":92,"column":19},"end":{"line":92,"column":28}},"type":"default-arg","locations":[{"start":{"line":92,"column":26},"end":{"line":92,"column":28}}],"line":92},"18":{"loc":{"start":{"line":93,"column":8},"end":{"line":95,"column":9}},"type":"if","locations":[{"start":{"line":93,"column":8},"end":{"line":95,"column":9}},{"start":{},"end":{}}],"line":93},"19":{"loc":{"start":{"line":100,"column":30},"end":{"line":100,"column":93}},"type":"binary-expr","locations":[{"start":{"line":100,"column":30},"end":{"line":100,"column":61}},{"start":{"line":100,"column":65},"end":{"line":100,"column":93}}],"line":100},"20":{"loc":{"start":{"line":111,"column":16},"end":{"line":111,"column":54}},"type":"binary-expr","locations":[{"start":{"line":111,"column":16},"end":{"line":111,"column":22}},{"start":{"line":111,"column":26},"end":{"line":111,"column":54}}],"line":111},"21":{"loc":{"start":{"line":126,"column":48},"end":{"line":126,"column":58}},"type":"binary-expr","locations":[{"start":{"line":126,"column":48},"end":{"line":126,"column":52}},{"start":{"line":126,"column":56},"end":{"line":126,"column":58}}],"line":126},"22":{"loc":{"start":{"line":137,"column":40},"end":{"line":137,"column":49}},"type":"default-arg","locations":[{"start":{"line":137,"column":47},"end":{"line":137,"column":49}}],"line":137},"23":{"loc":{"start":{"line":146,"column":53},"end":{"line":146,"column":62}},"type":"default-arg","locations":[{"start":{"line":146,"column":60},"end":{"line":146,"column":62}}],"line":146},"24":{"loc":{"start":{"line":156,"column":68},"end":{"line":156,"column":77}},"type":"default-arg","locations":[{"start":{"line":156,"column":75},"end":{"line":156,"column":77}}],"line":156},"25":{"loc":{"start":{"line":168,"column":63},"end":{"line":168,"column":72}},"type":"default-arg","locations":[{"start":{"line":168,"column":70},"end":{"line":168,"column":72}}],"line":168},"26":{"loc":{"start":{"line":183,"column":43},"end":{"line":183,"column":52}},"type":"default-arg","locations":[{"start":{"line":183,"column":50},"end":{"line":183,"column":52}}],"line":183}},"s":{"0":6,"1":6,"2":6,"3":6,"4":6,"5":6,"6":1119,"7":1119,"8":1031,"9":1031,"10":1031,"11":1031,"12":1031,"13":1031,"14":1031,"15":1031,"16":1031,"17":1031,"18":1036,"19":4,"20":4,"21":1,"22":1,"23":1026,"24":1026,"25":88,"26":0,"27":0,"28":0,"29":6,"30":6,"31":6,"32":6,"33":6,"34":0,"35":0,"36":0,"37":0,"38":0,"39":0,"40":1,"41":0,"42":0,"43":0,"44":6,"45":3,"46":1,"47":1,"48":1,"49":0,"50":0,"51":0,"52":1,"53":1,"54":1,"55":6,"56":6},"f":{"0":6,"1":6,"2":1119,"3":1031,"4":1031,"5":1036,"6":4,"7":1,"8":1026,"9":88,"10":0,"11":6,"12":0,"13":1,"14":0,"15":0,"16":0,"17":3,"18":1,"19":6},"b":{"0":[6],"1":[6,6],"2":[6,0],"3":[6,6,6],"4":[6,0],"5":[0],"6":[1031,1031],"7":[0,1031],"8":[1031,0],"9":[0],"10":[4,0],"11":[0],"12":[1,0],"13":[14],"14":[1026,0],"15":[0],"16":[0,88],"17":[0],"18":[0,0],"19":[6,5],"20":[0,0],"21":[0,0],"22":[0],"23":[0],"24":[0],"25":[0],"26":[2]},"_coverageSchema":"1a1c01bbd47fc00a2c39e90264f33305004495a9","hash":"6a1062b09c10228db207b0c57f9753dd98bb8ab5"}
}
