TN:
SF:api\config.js
FN:4,handler
FNF:1
FNH:0
FNDA:0,handler
DA:1,0
DA:2,0
DA:4,0
DA:5,0
DA:6,0
DA:9,0
LF:6
LH:0
BRDA:5,0,0,0
BRDA:5,0,1,0
BRDA:11,1,0,0
BRDA:11,1,1,0
BRDA:12,2,0,0
BRDA:12,2,1,0
BRF:6
BRH:0
end_of_record
TN:
SF:api\health.js
FN:1,handler
FNF:1
FNH:0
FNDA:0,handler
DA:1,0
DA:2,0
DA:3,0
DA:6,0
LF:4
LH:0
BRDA:2,0,0,0
BRDA:2,0,1,0
BRF:2
BRH:0
end_of_record
TN:
SF:api\insights.js
FN:3,handler
FN:46,generateFallbackInsights
FN:48,(anonymous_2)
FN:50,(anonymous_3)
FN:54,(anonymous_4)
FN:55,(anonymous_5)
FN:64,(anonymous_6)
FN:91,calculateDiversificationScore
FN:94,(anonymous_8)
FN:98,(anonymous_9)
FNF:10
FNH:0
FNDA:0,handler
FNDA:0,generateFallbackInsights
FNDA:0,(anonymous_2)
FNDA:0,(anonymous_3)
FNDA:0,(anonymous_4)
FNDA:0,(anonymous_5)
FNDA:0,(anonymous_6)
FNDA:0,calculateDiversificationScore
FNDA:0,(anonymous_8)
FNDA:0,(anonymous_9)
DA:3,0
DA:4,0
DA:5,0
DA:8,0
DA:10,0
DA:11,0
DA:14,0
DA:16,0
DA:19,0
DA:22,0
DA:24,0
DA:31,0
DA:34,0
DA:36,0
DA:47,0
DA:48,0
DA:50,0
DA:51,0
DA:54,0
DA:55,0
DA:57,0
DA:58,0
DA:59,0
DA:60,0
DA:61,0
DA:63,0
DA:64,0
DA:65,0
DA:67,0
DA:71,0
DA:72,0
DA:74,0
DA:75,0
DA:76,0
DA:77,0
DA:80,0
DA:92,0
DA:94,0
DA:95,0
DA:98,0
DA:99,0
DA:100,0
DA:104,0
LF:43
LH:0
BRDA:4,0,0,0
BRDA:4,0,1,0
BRDA:10,1,0,0
BRDA:10,1,1,0
BRDA:10,2,0,0
BRDA:10,2,1,0
BRDA:48,3,0,0
BRDA:48,3,1,0
BRDA:54,4,0,0
BRDA:54,4,1,0
BRDA:55,5,0,0
BRDA:55,5,1,0
BRDA:63,6,0,0
BRDA:63,6,1,0
BRDA:65,7,0,0
BRDA:65,7,1,0
BRDA:74,8,0,0
BRDA:74,8,1,0
BRDA:76,9,0,0
BRDA:76,9,1,0
BRDA:92,10,0,0
BRDA:92,10,1,0
BRDA:92,11,0,0
BRDA:92,11,1,0
BRDA:95,12,0,0
BRDA:95,12,1,0
BRF:26
BRH:0
end_of_record
TN:
SF:api\market-conditions.js
FN:5,handler
FNF:1
FNH:0
FNDA:0,handler
DA:3,0
DA:5,0
DA:6,0
DA:7,0
DA:10,0
DA:13,0
DA:16,0
DA:18,0
DA:24,0
DA:26,0
LF:10
LH:0
BRDA:6,0,0,0
BRDA:6,0,1,0
BRF:2
BRH:0
end_of_record
TN:
SF:api\balance\[chain]\[address].js
FN:12,handler
FNF:1
FNH:0
FNDA:0,handler
DA:1,0
DA:2,0
DA:3,0
DA:5,0
DA:7,0
DA:8,0
DA:10,0
DA:12,0
DA:13,0
DA:14,0
DA:17,0
DA:18,0
DA:20,0
DA:21,0
DA:24,0
DA:26,0
DA:33,0
DA:34,0
LF:18
LH:0
BRDA:7,0,0,0
BRDA:7,0,1,0
BRDA:13,1,0,0
BRDA:13,1,1,0
BRDA:20,2,0,0
BRDA:20,2,1,0
BRDA:20,3,0,0
BRDA:20,3,1,0
BRF:8
BRH:0
end_of_record
TN:
SF:api\historical\[address].js
FN:3,handler
FNF:1
FNH:0
FNDA:0,handler
DA:3,0
DA:4,0
DA:5,0
DA:8,0
DA:9,0
DA:11,0
DA:12,0
DA:15,0
DA:17,0
DA:20,0
DA:23,0
DA:25,0
DA:33,0
DA:35,0
LF:14
LH:0
BRDA:4,0,0,0
BRDA:4,0,1,0
BRDA:9,1,0,0
BRDA:11,2,0,0
BRDA:11,2,1,0
BRF:5
BRH:0
end_of_record
TN:
SF:api\nfts\[chain]\[address].js
FN:12,handler
FNF:1
FNH:0
FNDA:0,handler
DA:1,0
DA:2,0
DA:3,0
DA:5,0
DA:7,0
DA:8,0
DA:10,0
DA:12,0
DA:13,0
DA:14,0
DA:17,0
DA:18,0
DA:20,0
DA:21,0
DA:24,0
DA:26,0
DA:33,0
DA:34,0
LF:18
LH:0
BRDA:7,0,0,0
BRDA:7,0,1,0
BRDA:13,1,0,0
BRDA:13,1,1,0
BRDA:20,2,0,0
BRDA:20,2,1,0
BRDA:20,3,0,0
BRDA:20,3,1,0
BRF:8
BRH:0
end_of_record
TN:
SF:api\portfolio\[address].js
FN:12,handler
FNF:1
FNH:0
FNDA:0,handler
DA:1,0
DA:2,0
DA:3,0
DA:5,0
DA:7,0
DA:8,0
DA:10,0
DA:12,0
DA:13,0
DA:14,0
DA:17,0
DA:18,0
DA:19,0
DA:21,0
DA:22,0
DA:25,0
DA:30,0
DA:37,0
DA:38,0
LF:19
LH:0
BRDA:7,0,0,0
BRDA:7,0,1,0
BRDA:13,1,0,0
BRDA:13,1,1,0
BRDA:21,2,0,0
BRDA:21,2,1,0
BRDA:27,3,0,0
BRDA:27,3,1,0
BRF:8
BRH:0
end_of_record
TN:
SF:api\transactions\[chain]\[address].js
FN:12,handler
FNF:1
FNH:0
FNDA:0,handler
DA:1,0
DA:2,0
DA:3,0
DA:5,0
DA:7,0
DA:8,0
DA:10,0
DA:12,0
DA:13,0
DA:14,0
DA:17,0
DA:18,0
DA:19,0
DA:21,0
DA:22,0
DA:25,0
DA:32,0
DA:39,0
DA:40,0
LF:19
LH:0
BRDA:7,0,0,0
BRDA:7,0,1,0
BRDA:13,1,0,0
BRDA:13,1,1,0
BRDA:19,2,0,0
BRDA:19,3,0,0
BRDA:21,4,0,0
BRDA:21,4,1,0
BRDA:21,5,0,0
BRDA:21,5,1,0
BRF:10
BRH:0
end_of_record
TN:
SF:config\index.js
FN:54,(anonymous_0)
FN:60,(anonymous_1)
FN:81,(anonymous_2)
FN:97,(anonymous_3)
FN:141,(anonymous_4)
FN:149,(anonymous_5)
FN:172,(anonymous_6)
FN:181,(anonymous_7)
FN:187,(anonymous_8)
FN:191,(anonymous_9)
FN:200,(anonymous_10)
FN:205,(anonymous_11)
FN:209,(anonymous_12)
FN:213,(anonymous_13)
FN:217,(anonymous_14)
FN:218,(anonymous_15)
FN:221,(anonymous_16)
FN:222,(anonymous_17)
FN:225,(anonymous_18)
FN:235,(anonymous_19)
FN:244,(anonymous_20)
FN:252,(anonymous_21)
FN:261,(anonymous_22)
FN:269,(anonymous_23)
FN:279,(anonymous_24)
FN:283,(anonymous_25)
FN:292,(anonymous_26)
FN:301,(anonymous_27)
FN:312,(anonymous_28)
FN:321,(anonymous_29)
FN:332,(anonymous_30)
FN:346,(anonymous_31)
FN:373,(anonymous_32)
FN:389,(anonymous_33)
FNF:34
FNH:29
FNDA:60,(anonymous_0)
FNDA:60,(anonymous_1)
FNDA:356,(anonymous_2)
FNDA:56,(anonymous_3)
FNDA:52,(anonymous_4)
FNDA:156,(anonymous_5)
FNDA:208,(anonymous_6)
FNDA:3,(anonymous_7)
FNDA:0,(anonymous_8)
FNDA:0,(anonymous_9)
FNDA:0,(anonymous_10)
FNDA:3,(anonymous_11)
FNDA:3,(anonymous_12)
FNDA:9,(anonymous_13)
FNDA:83,(anonymous_14)
FNDA:249,(anonymous_15)
FNDA:32,(anonymous_16)
FNDA:32,(anonymous_17)
FNDA:16,(anonymous_18)
FNDA:49,(anonymous_19)
FNDA:0,(anonymous_20)
FNDA:16,(anonymous_21)
FNDA:16,(anonymous_22)
FNDA:47,(anonymous_23)
FNDA:16,(anonymous_24)
FNDA:94,(anonymous_25)
FNDA:16,(anonymous_26)
FNDA:16,(anonymous_27)
FNDA:16,(anonymous_28)
FNDA:16,(anonymous_29)
FNDA:15,(anonymous_30)
FNDA:4,(anonymous_31)
FNDA:2,(anonymous_32)
FNDA:0,(anonymous_33)
DA:2,6
DA:3,6
DA:6,6
DA:55,60
DA:56,60
DA:57,56
DA:61,60
DA:62,1537
DA:65,1537
DA:67,358
DA:68,2
DA:70,356
DA:71,1179
DA:72,1178
DA:73,1
DA:74,1
DA:77,1533
DA:82,356
DA:84,121
DA:85,121
DA:86,1
DA:88,120
DA:90,5
DA:93,230
DA:98,56
DA:99,1441
DA:102,1441
DA:103,0
DA:107,1441
DA:108,2
DA:112,1439
DA:113,1439
DA:114,0
DA:115,1439
DA:116,0
DA:120,1439
DA:121,480
DA:122,1
DA:123,0
DA:125,1
DA:128,479
DA:129,1
DA:130,1
DA:138,52
DA:143,52
DA:144,0
DA:147,52
DA:149,156
DA:150,52
DA:151,156
DA:152,0
DA:158,52
DA:159,1
DA:163,51
DA:164,51
DA:165,51
DA:166,153
DA:167,0
DA:173,208
DA:174,208
DA:175,208
DA:177,0
DA:182,3
DA:188,0
DA:192,0
DA:193,0
DA:195,0
DA:196,0
DA:201,0
DA:206,3
DA:210,3
DA:214,9
DA:218,249
DA:222,32
DA:226,16
DA:236,49
DA:245,0
DA:253,16
DA:262,16
DA:269,47
DA:280,16
DA:283,94
DA:293,16
DA:302,16
DA:313,16
DA:322,16
DA:333,15
DA:347,4
DA:348,4
DA:349,0
DA:353,4
DA:354,4
DA:355,1
DA:359,3
DA:360,1
DA:364,2
DA:365,1
DA:366,1
DA:367,1
DA:368,0
DA:369,0
DA:374,2
DA:376,2
DA:378,1
DA:379,1
DA:380,1
DA:382,1
DA:385,1
DA:390,0
DA:393,0
DA:394,0
DA:396,0
DA:397,0
DA:399,0
DA:400,0
DA:402,0
DA:403,0
DA:406,0
DA:411,6
DA:414,6
DA:415,0
DA:418,6
LF:122
LH:93
BRDA:65,0,0,358
BRDA:65,0,1,1179
BRDA:67,1,0,2
BRDA:67,1,1,356
BRDA:67,2,0,358
BRDA:67,2,1,59
BRDA:67,2,2,58
BRDA:71,3,0,1178
BRDA:71,3,1,1
BRDA:73,4,0,1
BRDA:73,4,1,0
BRDA:82,5,0,121
BRDA:82,5,1,5
BRDA:82,5,2,230
BRDA:82,5,3,230
BRDA:85,6,0,1
BRDA:85,6,1,120
BRDA:102,7,0,0
BRDA:102,7,1,1441
BRDA:102,8,0,1441
BRDA:102,8,1,54
BRDA:102,8,2,54
BRDA:102,8,3,54
BRDA:107,9,0,2
BRDA:107,9,1,1439
BRDA:107,10,0,1441
BRDA:107,10,1,160
BRDA:107,10,2,160
BRDA:112,11,0,1439
BRDA:112,11,1,0
BRDA:112,12,0,1439
BRDA:112,12,1,1439
BRDA:113,13,0,0
BRDA:113,13,1,1439
BRDA:113,14,0,1439
BRDA:113,14,1,213
BRDA:115,15,0,0
BRDA:115,15,1,1439
BRDA:115,16,0,1439
BRDA:115,16,1,480
BRDA:120,17,0,480
BRDA:120,17,1,959
BRDA:120,18,0,1439
BRDA:120,18,1,480
BRDA:121,19,0,1
BRDA:121,19,1,479
BRDA:121,20,0,480
BRDA:121,20,1,110
BRDA:122,21,0,0
BRDA:122,21,1,1
BRDA:128,22,0,1
BRDA:128,22,1,478
BRDA:128,23,0,479
BRDA:128,23,1,56
BRDA:129,24,0,1
BRDA:129,24,1,0
BRDA:143,25,0,0
BRDA:143,25,1,52
BRDA:143,26,0,52
BRDA:143,26,1,52
BRDA:147,27,0,52
BRDA:147,27,1,0
BRDA:151,28,0,0
BRDA:151,28,1,156
BRDA:158,29,0,1
BRDA:158,29,1,51
BRDA:158,30,0,52
BRDA:158,30,1,3
BRDA:158,30,2,3
BRDA:166,31,0,0
BRDA:166,31,1,153
BRDA:182,32,0,3
BRDA:182,32,1,1
BRDA:182,32,2,1
BRDA:182,32,3,1
BRDA:192,33,0,0
BRDA:192,33,1,0
BRDA:265,34,0,16
BRDA:265,34,1,16
BRDA:284,35,0,16
BRDA:284,35,1,0
BRDA:348,36,0,0
BRDA:348,36,1,4
BRDA:354,37,0,1
BRDA:354,37,1,3
BRDA:359,38,0,1
BRDA:359,38,1,2
BRDA:359,39,0,3
BRDA:359,39,1,1
BRDA:359,39,2,1
BRDA:364,40,0,1
BRDA:364,40,1,1
BRDA:366,41,0,1
BRDA:366,41,1,0
BRDA:368,42,0,0
BRDA:368,42,1,0
BRDA:373,43,0,1
BRDA:376,44,0,1
BRDA:376,44,1,1
BRDA:379,45,0,1
BRDA:379,45,1,0
BRDA:379,46,0,1
BRDA:379,46,1,1
BRDA:393,47,0,0
BRDA:393,47,1,0
BRDA:396,48,0,0
BRDA:396,48,1,0
BRDA:399,49,0,0
BRDA:399,49,1,0
BRDA:402,50,0,0
BRDA:402,50,1,0
BRDA:414,51,0,0
BRDA:414,51,1,6
BRF:113
BRH:85
end_of_record
TN:
SF:middleware\errorHandler.js
FN:4,(anonymous_0)
FN:12,(anonymous_1)
FN:25,(anonymous_2)
FN:34,(anonymous_3)
FN:40,(anonymous_4)
FN:46,(anonymous_5)
FN:52,errorHandler
FN:131,asyncHandler
FN:132,(anonymous_8)
FNF:9
FNH:9
FNDA:14,(anonymous_0)
FNDA:2,(anonymous_1)
FNDA:4,(anonymous_2)
FNDA:1,(anonymous_3)
FNDA:2,(anonymous_4)
FNDA:1,(anonymous_5)
FNDA:6,errorHandler
FNDA:4,asyncHandler
FNDA:4,(anonymous_8)
DA:5,14
DA:6,14
DA:7,14
DA:8,14
DA:9,14
DA:13,2
DA:26,4
DA:27,4
DA:28,4
DA:29,4
DA:35,1
DA:41,2
DA:47,1
DA:54,6
DA:57,6
DA:69,6
DA:76,6
DA:77,4
DA:83,4
DA:84,0
DA:88,4
DA:89,1
DA:92,4
DA:99,2
DA:100,0
DA:111,2
DA:117,2
DA:118,1
DA:124,2
DA:132,4
DA:133,4
DA:134,4
DA:136,1
DA:141,3
LF:34
LH:32
BRDA:4,0,0,1
BRDA:4,1,0,3
BRDA:4,2,0,3
BRDA:19,3,0,2
BRDA:19,3,1,1
BRDA:25,4,0,1
BRDA:34,5,0,1
BRDA:46,6,0,1
BRDA:54,7,0,6
BRDA:54,7,1,5
BRDA:76,8,0,4
BRDA:76,8,1,2
BRDA:83,9,0,0
BRDA:83,9,1,4
BRDA:83,10,0,4
BRDA:83,10,1,1
BRDA:88,11,0,1
BRDA:88,11,1,3
BRDA:99,12,0,0
BRDA:99,12,1,2
BRDA:99,13,0,2
BRDA:99,13,1,2
BRDA:105,14,0,0
BRDA:105,14,1,0
BRDA:117,15,0,1
BRDA:117,15,1,1
BRF:26
BRH:22
end_of_record
TN:
SF:middleware\security.js
FN:7,(anonymous_0)
FN:16,(anonymous_1)
FN:20,(anonymous_2)
FN:24,(anonymous_3)
FN:30,(anonymous_4)
FN:47,(anonymous_5)
FN:50,(anonymous_6)
FN:59,(anonymous_7)
FN:67,(anonymous_8)
FN:68,(anonymous_9)
FN:91,securityHeaders
FN:132,corsMiddleware
FN:167,sanitizeHeaders
FN:183,(anonymous_13)
FN:196,validateApiKey
FN:225,requestSizeLimit
FN:230,(anonymous_16)
FN:247,parseSize
FNF:18
FNH:15
FNDA:7,(anonymous_0)
FNDA:0,(anonymous_1)
FNDA:28,(anonymous_2)
FNDA:15,(anonymous_3)
FNDA:55,(anonymous_4)
FNDA:0,(anonymous_5)
FNDA:0,(anonymous_6)
FNDA:5,(anonymous_7)
FNDA:7,(anonymous_8)
FNDA:15,(anonymous_9)
FNDA:4,securityHeaders
FNDA:5,corsMiddleware
FNDA:4,sanitizeHeaders
FNDA:13,(anonymous_13)
FNDA:7,validateApiKey
FNDA:5,requestSizeLimit
FNDA:5,(anonymous_16)
FNDA:2,parseSize
DA:2,1
DA:3,1
DA:8,7
DA:9,7
DA:10,7
DA:11,7
DA:12,7
DA:15,7
DA:16,0
DA:21,28
DA:25,15
DA:26,14
DA:27,14
DA:30,55
DA:32,14
DA:33,1
DA:39,1
DA:42,13
DA:43,13
DA:44,13
DA:48,0
DA:49,0
DA:50,0
DA:51,0
DA:52,0
DA:54,0
DA:60,5
DA:61,0
DA:62,0
DA:64,5
DA:68,7
DA:69,15
DA:70,1
DA:71,1
DA:72,1
DA:73,1
DA:74,1
DA:77,13
DA:78,13
DA:79,13
DA:81,13
DA:82,13
DA:83,13
DA:85,13
DA:93,4
DA:96,4
DA:99,4
DA:102,4
DA:105,4
DA:116,4
DA:119,4
DA:120,0
DA:124,4
DA:125,3
DA:128,4
DA:133,5
DA:140,5
DA:142,5
DA:143,3
DA:146,5
DA:147,5
DA:154,5
DA:155,5
DA:158,5
DA:159,1
DA:160,1
DA:163,4
DA:169,4
DA:170,1
DA:174,4
DA:175,4
DA:178,4
DA:179,1
DA:183,4
DA:184,13
DA:186,13
DA:192,4
DA:197,7
DA:198,7
DA:201,7
DA:202,1
DA:205,6
DA:206,3
DA:212,0
DA:221,3
DA:226,5
DA:230,5
DA:231,5
DA:233,5
DA:234,1
DA:243,4
DA:248,2
DA:255,2
DA:256,2
DA:258,2
DA:259,2
DA:261,2
DA:265,1
DA:270,1
DA:275,1
LF:100
LH:89
BRDA:7,0,0,0
BRDA:8,1,0,7
BRDA:8,1,1,0
BRDA:9,2,0,7
BRDA:9,2,1,0
BRDA:11,3,0,7
BRDA:11,3,1,7
BRDA:12,4,0,7
BRDA:12,4,1,7
BRDA:15,5,0,0
BRDA:15,5,1,7
BRDA:21,6,0,28
BRDA:21,6,1,3
BRDA:21,6,2,0
BRDA:27,7,0,14
BRDA:27,7,1,4
BRDA:32,8,0,1
BRDA:32,8,1,13
BRDA:51,9,0,0
BRDA:51,9,1,0
BRDA:60,10,0,0
BRDA:60,10,1,5
BRDA:69,11,0,1
BRDA:69,11,1,13
BRDA:78,12,0,13
BRDA:78,12,1,0
BRDA:119,13,0,0
BRDA:119,13,1,4
BRDA:119,14,0,4
BRDA:119,14,1,0
BRDA:124,15,0,3
BRDA:124,15,1,1
BRDA:142,16,0,3
BRDA:142,16,1,2
BRDA:142,17,0,5
BRDA:142,17,1,2
BRDA:143,18,0,3
BRDA:143,18,1,0
BRDA:158,19,0,1
BRDA:158,19,1,4
BRDA:169,20,0,1
BRDA:169,20,1,3
BRDA:178,21,0,1
BRDA:178,21,1,3
BRDA:184,22,0,13
BRDA:184,22,1,0
BRDA:197,23,0,7
BRDA:197,23,1,3
BRDA:198,24,0,7
BRDA:198,24,1,1
BRDA:201,25,0,1
BRDA:201,25,1,6
BRDA:201,26,0,7
BRDA:201,26,1,7
BRDA:205,27,0,3
BRDA:205,27,1,3
BRDA:205,28,0,6
BRDA:205,28,1,5
BRDA:209,29,0,0
BRDA:209,29,1,0
BRDA:225,30,0,2
BRDA:226,31,0,2
BRDA:226,31,1,3
BRDA:231,32,0,5
BRDA:231,32,1,1
BRDA:233,33,0,1
BRDA:233,33,1,4
BRDA:256,34,0,0
BRDA:256,34,1,2
BRDA:259,35,0,2
BRDA:259,35,1,0
BRF:71
BRH:54
end_of_record
TN:
SF:middleware\validation.js
FN:8,(anonymous_0)
FN:50,(anonymous_1)
FN:51,(anonymous_2)
FN:67,(anonymous_3)
FN:87,validateRequest
FN:88,(anonymous_5)
FN:117,(anonymous_6)
FN:130,sanitizeString
FN:135,sanitizeObject
FN:152,sanitizeInput
FNF:10
FNH:8
FNDA:11,(anonymous_0)
FNDA:2,(anonymous_1)
FNDA:3,(anonymous_2)
FNDA:0,(anonymous_3)
FNDA:3,validateRequest
FNDA:3,(anonymous_5)
FNDA:0,(anonymous_6)
FNDA:10,sanitizeString
FNDA:24,sanitizeObject
FNDA:5,sanitizeInput
DA:2,1
DA:3,1
DA:6,1
DA:8,11
DA:10,1
DA:14,1
DA:19,1
DA:22,1
DA:29,1
DA:37,1
DA:45,1
DA:51,3
DA:56,1
DA:65,1
DA:68,0
DA:77,1
DA:88,3
DA:89,3
DA:90,3
DA:91,3
DA:92,3
DA:96,0
DA:97,0
DA:101,0
DA:102,0
DA:106,0
DA:107,0
DA:110,0
DA:112,3
DA:113,0
DA:117,0
DA:122,0
DA:124,3
DA:131,10
DA:132,10
DA:136,24
DA:138,23
DA:139,23
DA:140,22
DA:141,10
DA:142,12
DA:143,9
DA:145,3
DA:148,23
DA:153,5
DA:154,5
DA:155,5
DA:156,5
DA:159,1
LF:49
LH:38
BRDA:51,0,0,1
BRDA:51,0,1,1
BRDA:91,1,0,3
BRDA:91,1,1,0
BRDA:96,2,0,0
BRDA:96,2,1,0
BRDA:101,3,0,0
BRDA:101,3,1,0
BRDA:106,4,0,0
BRDA:106,4,1,0
BRDA:112,5,0,0
BRDA:112,5,1,3
BRDA:115,6,0,0
BRDA:115,6,1,0
BRDA:131,7,0,0
BRDA:131,7,1,10
BRDA:136,8,0,1
BRDA:136,8,1,23
BRDA:136,9,0,24
BRDA:136,9,1,24
BRDA:140,10,0,10
BRDA:140,10,1,12
BRDA:142,11,0,9
BRDA:142,11,1,3
BRF:24
BRH:13
end_of_record
TN:
SF:services\cache.js
FN:7,(anonymous_0)
FN:18,(anonymous_1)
FN:36,(anonymous_2)
FN:49,(anonymous_3)
FN:61,(anonymous_4)
FN:77,(anonymous_5)
FN:90,(anonymous_6)
FN:95,(anonymous_7)
FN:106,(anonymous_8)
FN:121,(anonymous_9)
FN:128,(anonymous_10)
FN:145,(anonymous_11)
FN:151,(anonymous_12)
FN:156,(anonymous_13)
FN:168,(anonymous_14)
FN:191,(anonymous_15)
FN:209,(anonymous_16)
FN:228,(anonymous_17)
FN:244,(anonymous_18)
FN:259,(anonymous_19)
FN:267,(anonymous_20)
FN:277,(anonymous_21)
FN:296,(anonymous_22)
FN:314,(anonymous_23)
FN:332,(anonymous_24)
FN:348,(anonymous_25)
FN:364,(anonymous_26)
FN:377,(anonymous_27)
FN:382,(anonymous_28)
FN:386,(anonymous_29)
FN:390,(anonymous_30)
FN:394,(anonymous_31)
FN:398,(anonymous_32)
FN:402,(anonymous_33)
FN:406,(anonymous_34)
FN:411,(anonymous_35)
FN:436,(anonymous_36)
FN:454,(anonymous_37)
FN:486,(anonymous_38)
FNF:39
FNH:28
FNDA:25,(anonymous_0)
FNDA:40,(anonymous_1)
FNDA:36,(anonymous_2)
FNDA:0,(anonymous_3)
FNDA:6,(anonymous_4)
FNDA:12,(anonymous_5)
FNDA:2,(anonymous_6)
FNDA:4,(anonymous_7)
FNDA:11,(anonymous_8)
FNDA:11,(anonymous_9)
FNDA:0,(anonymous_10)
FNDA:1,(anonymous_11)
FNDA:1,(anonymous_12)
FNDA:0,(anonymous_13)
FNDA:5,(anonymous_14)
FNDA:4,(anonymous_15)
FNDA:2,(anonymous_16)
FNDA:2,(anonymous_17)
FNDA:2,(anonymous_18)
FNDA:1,(anonymous_19)
FNDA:0,(anonymous_20)
FNDA:11,(anonymous_21)
FNDA:9,(anonymous_22)
FNDA:4,(anonymous_23)
FNDA:0,(anonymous_24)
FNDA:0,(anonymous_25)
FNDA:0,(anonymous_26)
FNDA:5,(anonymous_27)
FNDA:2,(anonymous_28)
FNDA:1,(anonymous_29)
FNDA:0,(anonymous_30)
FNDA:1,(anonymous_31)
FNDA:1,(anonymous_32)
FNDA:0,(anonymous_33)
FNDA:0,(anonymous_34)
FNDA:5,(anonymous_35)
FNDA:1,(anonymous_36)
FNDA:1,(anonymous_37)
FNDA:0,(anonymous_38)
DA:2,1
DA:3,1
DA:8,25
DA:9,25
DA:10,25
DA:19,40
DA:20,40
DA:21,26
DA:22,26
DA:23,26
DA:26,14
DA:28,4
DA:31,14
DA:32,14
DA:33,14
DA:37,36
DA:40,36
DA:41,0
DA:45,36
DA:48,36
DA:49,0
DA:50,0
DA:53,0
DA:55,36
DA:57,36
DA:58,36
DA:62,6
DA:64,6
DA:65,0
DA:66,0
DA:69,6
DA:70,6
DA:71,6
DA:74,6
DA:79,12
DA:80,0
DA:83,12
DA:84,12
DA:86,12
DA:87,12
DA:91,2
DA:92,2
DA:96,4
DA:107,11
DA:108,11
DA:109,11
DA:110,11
DA:118,11
DA:122,11
DA:124,11
DA:126,11
DA:129,0
DA:130,0
DA:131,0
DA:133,0
DA:134,0
DA:135,0
DA:137,0
DA:138,0
DA:139,0
DA:141,0
DA:145,11
DA:146,1
DA:147,1
DA:148,1
DA:151,11
DA:152,1
DA:153,1
DA:156,11
DA:157,0
DA:158,0
DA:161,11
DA:163,0
DA:164,0
DA:169,5
DA:170,1
DA:173,4
DA:174,4
DA:175,3
DA:176,2
DA:177,2
DA:178,2
DA:181,1
DA:182,1
DA:183,1
DA:185,1
DA:186,1
DA:187,1
DA:192,4
DA:193,1
DA:196,3
DA:197,3
DA:198,3
DA:199,2
DA:200,2
DA:201,2
DA:203,1
DA:204,1
DA:205,1
DA:210,2
DA:211,1
DA:214,1
DA:215,1
DA:216,1
DA:217,1
DA:218,1
DA:220,1
DA:222,0
DA:223,0
DA:224,0
DA:229,2
DA:230,1
DA:233,1
DA:234,1
DA:235,1
DA:236,1
DA:238,0
DA:239,0
DA:240,0
DA:245,2
DA:246,1
DA:249,1
DA:250,1
DA:251,1
DA:253,0
DA:254,0
DA:255,0
DA:260,1
DA:268,0
DA:269,0
DA:270,0
DA:278,11
DA:279,11
DA:280,11
DA:281,11
DA:284,11
DA:285,11
DA:286,0
DA:289,11
DA:297,9
DA:298,1
DA:302,8
DA:303,0
DA:304,0
DA:306,0
DA:307,0
DA:311,8
DA:315,4
DA:316,1
DA:319,3
DA:320,3
DA:323,3
DA:324,0
DA:327,3
DA:329,3
DA:333,0
DA:334,0
DA:337,0
DA:339,0
DA:340,0
DA:343,0
DA:345,0
DA:349,0
DA:350,0
DA:353,0
DA:355,0
DA:356,0
DA:359,0
DA:361,0
DA:365,0
DA:366,0
DA:369,0
DA:370,0
DA:373,0
DA:378,5
DA:383,2
DA:387,1
DA:391,0
DA:395,1
DA:399,1
DA:403,0
DA:407,0
DA:412,5
DA:413,1
DA:417,4
DA:418,4
DA:419,1
DA:423,3
DA:424,3
DA:425,2
DA:426,1
DA:428,2
DA:430,1
DA:431,1
DA:437,1
DA:438,1
DA:440,1
DA:455,1
DA:460,1
DA:462,1
DA:463,1
DA:464,1
DA:465,1
DA:466,1
DA:468,0
DA:471,1
DA:472,0
DA:473,0
DA:474,0
DA:475,0
DA:476,0
DA:477,0
DA:479,0
DA:483,1
DA:487,0
DA:488,0
DA:490,0
DA:491,0
DA:496,1
DA:498,1
LF:220
LH:147
BRDA:20,0,0,26
BRDA:20,0,1,14
BRDA:20,1,0,40
BRDA:20,1,1,30
BRDA:26,2,0,4
BRDA:26,2,1,10
BRDA:36,3,0,25
BRDA:40,4,0,0
BRDA:40,4,1,36
BRDA:48,5,0,0
BRDA:48,5,1,36
BRDA:64,6,0,0
BRDA:64,6,1,6
BRDA:69,7,0,6
BRDA:69,7,1,0
BRDA:92,8,0,2
BRDA:92,8,1,1
BRDA:99,9,0,4
BRDA:99,9,1,2
BRDA:129,10,0,0
BRDA:129,10,1,0
BRDA:129,11,0,0
BRDA:129,11,1,0
BRDA:133,12,0,0
BRDA:133,12,1,0
BRDA:137,13,0,0
BRDA:137,13,1,0
BRDA:169,14,0,1
BRDA:169,14,1,4
BRDA:169,15,0,5
BRDA:169,15,1,4
BRDA:175,16,0,2
BRDA:175,16,1,1
BRDA:191,17,0,3
BRDA:192,18,0,1
BRDA:192,18,1,3
BRDA:192,19,0,4
BRDA:192,19,1,3
BRDA:210,20,0,1
BRDA:210,20,1,1
BRDA:210,21,0,2
BRDA:210,21,1,1
BRDA:216,22,0,1
BRDA:216,22,1,0
BRDA:229,23,0,1
BRDA:229,23,1,1
BRDA:229,24,0,2
BRDA:229,24,1,1
BRDA:245,25,0,1
BRDA:245,25,1,1
BRDA:245,26,0,2
BRDA:245,26,1,1
BRDA:263,27,0,1
BRDA:263,27,1,0
BRDA:268,28,0,0
BRDA:268,28,1,0
BRDA:285,29,0,0
BRDA:285,29,1,11
BRDA:285,30,0,11
BRDA:285,30,1,0
BRDA:297,31,0,1
BRDA:297,31,1,8
BRDA:302,32,0,0
BRDA:302,32,1,8
BRDA:304,33,0,0
BRDA:304,33,1,0
BRDA:314,34,0,3
BRDA:315,35,0,1
BRDA:315,35,1,3
BRDA:319,36,0,3
BRDA:319,36,1,2
BRDA:323,37,0,0
BRDA:323,37,1,3
BRDA:324,38,0,0
BRDA:324,38,1,0
BRDA:327,39,0,3
BRDA:327,39,1,0
BRDA:333,40,0,0
BRDA:333,40,1,0
BRDA:339,41,0,0
BRDA:339,41,1,0
BRDA:340,42,0,0
BRDA:340,42,1,0
BRDA:343,43,0,0
BRDA:343,43,1,0
BRDA:349,44,0,0
BRDA:349,44,1,0
BRDA:355,45,0,0
BRDA:355,45,1,0
BRDA:356,46,0,0
BRDA:356,46,1,0
BRDA:359,47,0,0
BRDA:359,47,1,0
BRDA:365,48,0,0
BRDA:365,48,1,0
BRDA:369,49,0,0
BRDA:369,49,1,0
BRDA:369,50,0,0
BRDA:369,50,1,0
BRDA:390,51,0,0
BRDA:398,52,0,0
BRDA:411,53,0,4
BRDA:412,54,0,1
BRDA:412,54,1,4
BRDA:418,55,0,1
BRDA:418,55,1,3
BRDA:425,56,0,1
BRDA:425,56,1,1
BRDA:425,57,0,2
BRDA:425,57,1,1
BRDA:438,58,0,0
BRDA:438,58,1,1
BRDA:445,59,0,1
BRDA:445,59,1,1
BRDA:446,60,0,1
BRDA:446,60,1,1
BRDA:447,61,0,1
BRDA:447,61,1,1
BRDA:448,62,0,1
BRDA:448,62,1,1
BRDA:471,63,0,0
BRDA:471,63,1,1
BRDA:487,64,0,0
BRDA:487,64,1,0
BRF:124
BRH:71
end_of_record
TN:
SF:services\health.js
FN:7,(anonymous_0)
FN:16,(anonymous_1)
FN:25,(anonymous_2)
FN:36,(anonymous_3)
FN:51,(anonymous_4)
FN:52,(anonymous_5)
FN:89,(anonymous_6)
FN:115,(anonymous_7)
FN:117,(anonymous_8)
FN:118,(anonymous_9)
FN:119,(anonymous_10)
FN:140,(anonymous_11)
FN:160,(anonymous_12)
FN:175,(anonymous_13)
FN:202,(anonymous_14)
FN:219,(anonymous_15)
FN:247,(anonymous_16)
FN:255,(anonymous_17)
FN:261,(anonymous_18)
FN:265,(anonymous_19)
FN:277,(anonymous_20)
FN:287,(anonymous_21)
FN:296,(anonymous_22)
FN:297,(anonymous_23)
FN:309,(anonymous_24)
FN:331,(anonymous_25)
FN:340,(anonymous_26)
FN:350,(anonymous_27)
FNF:28
FNH:0
FNDA:0,(anonymous_0)
FNDA:0,(anonymous_1)
FNDA:0,(anonymous_2)
FNDA:0,(anonymous_3)
FNDA:0,(anonymous_4)
FNDA:0,(anonymous_5)
FNDA:0,(anonymous_6)
FNDA:0,(anonymous_7)
FNDA:0,(anonymous_8)
FNDA:0,(anonymous_9)
FNDA:0,(anonymous_10)
FNDA:0,(anonymous_11)
FNDA:0,(anonymous_12)
FNDA:0,(anonymous_13)
FNDA:0,(anonymous_14)
FNDA:0,(anonymous_15)
FNDA:0,(anonymous_16)
FNDA:0,(anonymous_17)
FNDA:0,(anonymous_18)
FNDA:0,(anonymous_19)
FNDA:0,(anonymous_20)
FNDA:0,(anonymous_21)
FNDA:0,(anonymous_22)
FNDA:0,(anonymous_23)
FNDA:0,(anonymous_24)
FNDA:0,(anonymous_25)
FNDA:0,(anonymous_26)
FNDA:0,(anonymous_27)
DA:2,0
DA:3,0
DA:4,0
DA:8,0
DA:9,0
DA:10,0
DA:11,0
DA:13,0
DA:18,0
DA:19,0
DA:20,0
DA:21,0
DA:22,0
DA:26,0
DA:33,0
DA:37,0
DA:38,0
DA:39,0
DA:46,0
DA:49,0
DA:51,0
DA:52,0
DA:55,0
DA:60,0
DA:69,0
DA:78,0
DA:79,0
DA:81,0
DA:85,0
DA:86,0
DA:90,0
DA:91,0
DA:93,0
DA:94,0
DA:97,0
DA:99,0
DA:100,0
DA:101,0
DA:103,0
DA:112,0
DA:116,0
DA:117,0
DA:118,0
DA:119,0
DA:121,0
DA:124,0
DA:141,0
DA:142,0
DA:143,0
DA:144,0
DA:145,0
DA:148,0
DA:149,0
DA:152,0
DA:161,0
DA:162,0
DA:164,0
DA:165,0
DA:168,0
DA:176,0
DA:177,0
DA:179,0
DA:180,0
DA:187,0
DA:192,0
DA:193,0
DA:194,0
DA:195,0
DA:197,0
DA:203,0
DA:204,0
DA:205,0
DA:209,0
DA:215,0
DA:220,0
DA:221,0
DA:222,0
DA:224,0
DA:225,0
DA:226,0
DA:228,0
DA:232,0
DA:233,0
DA:236,0
DA:248,0
DA:249,0
DA:250,0
DA:253,0
DA:255,0
DA:256,0
DA:257,0
DA:259,0
DA:260,0
DA:261,0
DA:263,0
DA:264,0
DA:265,0
DA:269,0
DA:273,0
DA:274,0
DA:278,0
DA:279,0
DA:280,0
DA:282,0
DA:283,0
DA:288,0
DA:289,0
DA:290,0
DA:292,0
DA:297,0
DA:298,0
DA:299,0
DA:301,0
DA:302,0
DA:303,0
DA:308,0
DA:309,0
DA:311,0
DA:317,0
DA:320,0
DA:321,0
DA:332,0
DA:333,0
DA:335,0
DA:336,0
DA:337,0
DA:340,0
DA:342,0
DA:352,0
DA:362,0
DA:365,0
DA:366,0
DA:369,0
LF:133
LH:0
BRDA:25,0,0,0
BRDA:28,1,0,0
BRDA:28,1,1,0
BRDA:29,2,0,0
BRDA:29,2,1,0
BRDA:38,3,0,0
BRDA:38,3,1,0
BRDA:38,4,0,0
BRDA:38,4,1,0
BRDA:65,5,0,0
BRDA:65,5,1,0
BRDA:78,6,0,0
BRDA:78,6,1,0
BRDA:100,7,0,0
BRDA:100,7,1,0
BRDA:106,8,0,0
BRDA:106,8,1,0
BRDA:119,9,0,0
BRDA:119,9,1,0
BRDA:121,10,0,0
BRDA:121,10,1,0
BRDA:122,11,0,0
BRDA:122,11,1,0
BRDA:135,12,0,0
BRDA:135,12,1,0
BRDA:148,13,0,0
BRDA:148,13,1,0
BRDA:164,14,0,0
BRDA:164,14,1,0
BRDA:189,15,0,0
BRDA:189,15,1,0
BRDA:192,16,0,0
BRDA:192,16,1,0
BRDA:194,17,0,0
BRDA:194,17,1,0
BRDA:225,18,0,0
BRDA:225,18,1,0
BRDA:232,19,0,0
BRDA:232,19,1,0
BRDA:247,20,0,0
BRDA:248,21,0,0
BRDA:248,21,1,0
BRDA:253,22,0,0
BRDA:253,22,1,0
BRDA:259,23,0,0
BRDA:259,23,1,0
BRDA:261,24,0,0
BRDA:261,24,1,0
BRDA:263,25,0,0
BRDA:263,25,1,0
BRDA:278,26,0,0
BRDA:278,26,1,0
BRDA:301,27,0,0
BRDA:301,27,1,0
BRDA:303,28,0,0
BRDA:303,28,1,0
BRDA:304,29,0,0
BRDA:304,29,1,0
BRDA:309,30,0,0
BRDA:309,30,1,0
BRDA:312,31,0,0
BRDA:312,31,1,0
BRDA:317,32,0,0
BRDA:317,32,1,0
BRDA:365,33,0,0
BRDA:365,33,1,0
BRF:66
BRH:0
end_of_record
TN:
SF:utils\logger.js
FN:5,(anonymous_0)
FN:11,(anonymous_1)
FN:22,(anonymous_2)
FN:33,(anonymous_3)
FN:56,(anonymous_4)
FN:64,(anonymous_5)
FN:68,(anonymous_6)
FN:74,(anonymous_7)
FN:80,(anonymous_8)
FN:86,(anonymous_9)
FN:92,(anonymous_10)
FN:99,(anonymous_11)
FN:117,(anonymous_12)
FN:137,(anonymous_13)
FN:146,(anonymous_14)
FN:156,(anonymous_15)
FN:168,(anonymous_16)
FN:183,measurePerformance
FN:184,(anonymous_18)
FN:200,correlationMiddleware
FNF:20
FNH:15
FNDA:6,(anonymous_0)
FNDA:6,(anonymous_1)
FNDA:1119,(anonymous_2)
FNDA:1031,(anonymous_3)
FNDA:1031,(anonymous_4)
FNDA:1036,(anonymous_5)
FNDA:4,(anonymous_6)
FNDA:1,(anonymous_7)
FNDA:1026,(anonymous_8)
FNDA:88,(anonymous_9)
FNDA:0,(anonymous_10)
FNDA:6,(anonymous_11)
FNDA:0,(anonymous_12)
FNDA:1,(anonymous_13)
FNDA:0,(anonymous_14)
FNDA:0,(anonymous_15)
FNDA:0,(anonymous_16)
FNDA:3,measurePerformance
FNDA:1,(anonymous_18)
FNDA:6,correlationMiddleware
DA:2,6
DA:6,6
DA:7,6
DA:8,6
DA:12,6
DA:19,6
DA:23,1119
DA:30,1119
DA:34,1031
DA:35,1031
DA:37,1031
DA:48,1031
DA:49,1031
DA:51,1031
DA:57,1031
DA:58,1031
DA:59,1031
DA:61,1031
DA:65,1036
DA:69,4
DA:70,4
DA:75,1
DA:76,1
DA:81,1026
DA:82,1026
DA:87,88
DA:88,0
DA:93,0
DA:94,0
DA:100,6
DA:101,6
DA:102,6
DA:104,6
DA:106,6
DA:116,0
DA:117,0
DA:118,0
DA:120,0
DA:130,0
DA:133,0
DA:138,1
DA:147,0
DA:157,0
DA:169,0
DA:180,6
DA:184,3
DA:185,1
DA:186,1
DA:187,1
DA:188,0
DA:189,0
DA:190,0
DA:192,1
DA:193,1
DA:194,1
DA:201,6
DA:204,6
LF:57
LH:42
BRDA:5,0,0,6
BRDA:6,1,0,6
BRDA:6,1,1,6
BRDA:7,2,0,6
BRDA:7,2,1,0
BRDA:8,3,0,6
BRDA:8,3,1,6
BRDA:8,3,2,6
BRDA:19,4,0,6
BRDA:19,4,1,0
BRDA:33,5,0,0
BRDA:35,6,0,1031
BRDA:35,6,1,1031
BRDA:51,7,0,0
BRDA:51,7,1,1031
BRDA:59,8,0,1031
BRDA:59,8,1,0
BRDA:68,9,0,0
BRDA:69,10,0,4
BRDA:69,10,1,0
BRDA:74,11,0,0
BRDA:75,12,0,1
BRDA:75,12,1,0
BRDA:80,13,0,14
BRDA:81,14,0,1026
BRDA:81,14,1,0
BRDA:86,15,0,0
BRDA:87,16,0,0
BRDA:87,16,1,88
BRDA:92,17,0,0
BRDA:93,18,0,0
BRDA:93,18,1,0
BRDA:100,19,0,6
BRDA:100,19,1,5
BRDA:111,20,0,0
BRDA:111,20,1,0
BRDA:126,21,0,0
BRDA:126,21,1,0
BRDA:137,22,0,0
BRDA:146,23,0,0
BRDA:156,24,0,0
BRDA:168,25,0,0
BRDA:183,26,0,2
BRF:43
BRH:20
end_of_record
